#
# There is insufficient memory for the Java Runtime Environment to continue.
# Native memory allocation (mmap) failed to map 532676608 bytes for G1 virtual space
# Possible reasons:
#   The system is out of physical RAM or swap space
#   The process is running with CompressedOops enabled, and the Java Heap may be blocking the growth of the native heap
# Possible solutions:
#   Reduce memory load on the system
#   Increase physical memory or swap space
#   Check if swap backing store is full
#   Decrease Java heap size (-Xmx/-Xms)
#   Decrease number of Java threads
#   Decrease Java thread stack sizes (-Xss)
#   Set larger code cache with -XX:ReservedCodeCacheSize=
#   JVM is running with Zero Based Compressed Oops mode in which the Java heap is
#     placed in the first 32GB address space. The Java Heap base address is the
#     maximum limit for the native heap growth. Please use -XX:HeapBaseMinAddress
#     to set the Java Heap base and to place the Java Heap above 32GB virtual address.
# This output file may be truncated or incomplete.
#
#  Out of Memory Error (os_windows.cpp:3552), pid=31180, tid=46496
#
# JRE version:  (17.0.9+11) (build )
# Java VM: Java HotSpot(TM) 64-Bit Server VM (17.0.9+11-LTS-201, mixed mode, emulated-client, sharing, tiered, compressed oops, compressed class ptrs, g1 gc, windows-amd64)
# No core dump will be written. Minidumps are not enabled by default on client versions of Windows
#

---------------  S U M M A R Y ------------

Command Line: -XX:TieredStopAtLevel=1 -Dspring.output.ansi.enabled=always -Dcom.sun.management.jmxremote -Dspring.jmx.enabled=true -Dspring.liveBeansView.mbeanDomain -Dspring.application.admin.enabled=true -Dmanagement.endpoints.jmx.exposure.include=* -javaagent:C:\Program Files\JetBrains\IntelliJ IDEA 2023.3.2\lib\idea_rt.jar=50989:C:\Program Files\JetBrains\IntelliJ IDEA 2023.3.2\bin -Dfile.encoding=UTF-8 com.goormplay.eurekaservice.EurekaServiceApplication

Host: 13th Gen Intel(R) Core(TM) i7-13700H, 20 cores, 31G,  Windows 11 , 64 bit Build 26100 (10.0.26100.3912)
Time: Mon May 26 18:44:36 2025  Windows 11 , 64 bit Build 26100 (10.0.26100.3912) elapsed time: 1.764902 seconds (0d 0h 0m 1s)

---------------  T H R E A D  ---------------

Current thread (0x000002c8e0ce44e0):  JavaThread "Unknown thread" [_thread_in_vm, id=46496, stack(0x000000cb64500000,0x000000cb64600000)]

Stack: [0x000000cb64500000,0x000000cb64600000]
Native frames: (J=compiled Java code, j=interpreted, Vv=VM code, C=native code)
V  [jvm.dll+0x678a4a]
V  [jvm.dll+0x7d9cfd]
V  [jvm.dll+0x7db60e]
V  [jvm.dll+0x7dbc73]
V  [jvm.dll+0x245e1f]
V  [jvm.dll+0x6758f9]
V  [jvm.dll+0x66a2a2]
V  [jvm.dll+0x303686]
V  [jvm.dll+0x30ac06]
V  [jvm.dll+0x35a48e]
V  [jvm.dll+0x35a6bf]
V  [jvm.dll+0x2da678]
V  [jvm.dll+0x2db5e4]
V  [jvm.dll+0x7ab6b1]
V  [jvm.dll+0x368041]
V  [jvm.dll+0x78a749]
V  [jvm.dll+0x3ebd4f]
V  [jvm.dll+0x3ed7d1]
C  [jli.dll+0x5297]
C  [ucrtbase.dll+0x37b0]
C  [KERNEL32.DLL+0x2e8d7]
C  [ntdll.dll+0x9c5dc]


---------------  P R O C E S S  ---------------

Threads class SMR info:
_java_thread_list=0x00007ff94b4789d8, length=0, elements={
}

Java Threads: ( => current thread )

Other Threads:
  0x000002c8ff3a0be0 GCTaskThread "GC Thread#0" [stack: 0x000000cb64600000,0x000000cb64700000] [id=33028]
  0x000002c8e0d62350 ConcurrentGCThread "G1 Main Marker" [stack: 0x000000cb64700000,0x000000cb64800000] [id=46272]
  0x000002c8e0d63a30 ConcurrentGCThread "G1 Conc#0" [stack: 0x000000cb64800000,0x000000cb64900000] [id=3224]

[error occurred during error reporting (printing all threads), id 0xc0000005, EXCEPTION_ACCESS_VIOLATION (0xc0000005) at pc=0x00007ff94acab2d7]

VM state: not at safepoint (not fully initialized)

VM Mutex/Monitor currently owned by a thread:  ([mutex/lock_event])
[0x000002c8e0cdf860] Heap_lock - owner thread: 0x000002c8e0ce44e0

Heap address: 0x0000000606c00000, size: 8084 MB, Compressed Oops mode: Zero based, Oop shift amount: 3

CDS archive(s) mapped at: [0x0000000000000000-0x0000000000000000-0x0000000000000000), size 0, SharedBaseAddress: 0x0000000800000000, ArchiveRelocationMode: 1.
Narrow klass base: 0x0000000000000000, Narrow klass shift: 0, Narrow klass range: 0x0

GC Precious Log:
<Empty>

Heap:
 garbage-first heap   total 0K, used 0K [0x0000000606c00000, 0x0000000800000000)
  region size 4096K, 0 young (0K), 0 survivors (0K)

[error occurred during error reporting (printing heap information), id 0xc0000005, EXCEPTION_ACCESS_VIOLATION (0xc0000005) at pc=0x00007ff94b092229]

GC Heap History (0 events):
No events

Deoptimization events (0 events):
No events

Classes unloaded (0 events):
No events

Classes redefined (0 events):
No events

Internal exceptions (0 events):
No events

VM Operations (0 events):
No events

Events (1 events):
Event: 0.009 Loaded shared library C:\Program Files\Java\jdk-17\bin\java.dll


Dynamic libraries:
0x00007ff714980000 - 0x00007ff714990000 	C:\Program Files\Java\jdk-17\bin\java.exe
0x00007ff9b2a00000 - 0x00007ff9b2c66000 	C:\WINDOWS\SYSTEM32\ntdll.dll
0x00007ff9b12a0000 - 0x00007ff9b1369000 	C:\WINDOWS\System32\KERNEL32.DLL
0x00007ff9b03f0000 - 0x00007ff9b07bc000 	C:\WINDOWS\System32\KERNELBASE.dll
0x00007ff9b02a0000 - 0x00007ff9b03eb000 	C:\WINDOWS\System32\ucrtbase.dll
0x00007ff996fc0000 - 0x00007ff996fd9000 	C:\Program Files\Java\jdk-17\bin\jli.dll
0x00007ff996d30000 - 0x00007ff996d4b000 	C:\Program Files\Java\jdk-17\bin\VCRUNTIME140.dll
0x00007ff9b1510000 - 0x00007ff9b15c2000 	C:\WINDOWS\System32\ADVAPI32.dll
0x00007ff9b2640000 - 0x00007ff9b26e9000 	C:\WINDOWS\System32\msvcrt.dll
0x00007ff9b2800000 - 0x00007ff9b28a6000 	C:\WINDOWS\System32\sechost.dll
0x00007ff9b2520000 - 0x00007ff9b2636000 	C:\WINDOWS\System32\RPCRT4.dll
0x00007ff9b07f0000 - 0x00007ff9b09ba000 	C:\WINDOWS\System32\USER32.dll
0x00007ff9afc30000 - 0x00007ff9afc57000 	C:\WINDOWS\System32\win32u.dll
0x00007ff9b1370000 - 0x00007ff9b139b000 	C:\WINDOWS\System32\GDI32.dll
0x00007ff992000000 - 0x00007ff99229a000 	C:\WINDOWS\WinSxS\amd64_microsoft.windows.common-controls_6595b64144ccf1df_6.0.26100.3912_none_3e07963ce335137e\COMCTL32.dll
0x00007ff9b00b0000 - 0x00007ff9b01e2000 	C:\WINDOWS\System32\gdi32full.dll
0x00007ff9b01f0000 - 0x00007ff9b0293000 	C:\WINDOWS\System32\msvcp_win.dll
0x00007ff99f980000 - 0x00007ff99f98b000 	C:\WINDOWS\SYSTEM32\VERSION.dll
0x00007ff9b1160000 - 0x00007ff9b1190000 	C:\WINDOWS\System32\IMM32.DLL
0x00007ff996f10000 - 0x00007ff996f1c000 	C:\Program Files\Java\jdk-17\bin\vcruntime140_1.dll
0x00007ff976210000 - 0x00007ff97629e000 	C:\Program Files\Java\jdk-17\bin\msvcp140.dll
0x00007ff94a9c0000 - 0x00007ff94b5a1000 	C:\Program Files\Java\jdk-17\bin\server\jvm.dll
0x00007ff9b15d0000 - 0x00007ff9b15d8000 	C:\WINDOWS\System32\PSAPI.DLL
0x00007ff9aa420000 - 0x00007ff9aa42a000 	C:\WINDOWS\SYSTEM32\WSOCK32.dll
0x00007ff9a4f70000 - 0x00007ff9a4fa6000 	C:\WINDOWS\SYSTEM32\WINMM.dll
0x00007ff9b1da0000 - 0x00007ff9b1e14000 	C:\WINDOWS\System32\WS2_32.dll
0x00007ff9aea70000 - 0x00007ff9aea8a000 	C:\WINDOWS\SYSTEM32\kernel.appcore.dll
0x00007ff994540000 - 0x00007ff99454a000 	C:\Program Files\Java\jdk-17\bin\jimage.dll
0x00007ff9ad0c0000 - 0x00007ff9ad301000 	C:\WINDOWS\SYSTEM32\DBGHELP.DLL
0x00007ff9b2070000 - 0x00007ff9b23f4000 	C:\WINDOWS\System32\combase.dll
0x00007ff9b11b0000 - 0x00007ff9b1290000 	C:\WINDOWS\System32\OLEAUT32.dll
0x00007ff98bb80000 - 0x00007ff98bbb9000 	C:\WINDOWS\SYSTEM32\dbgcore.DLL
0x00007ff9afb90000 - 0x00007ff9afc29000 	C:\WINDOWS\System32\bcryptPrimitives.dll
0x00007ff990940000 - 0x00007ff99094e000 	C:\Program Files\Java\jdk-17\bin\instrument.dll
0x00007ff991250000 - 0x00007ff991275000 	C:\Program Files\Java\jdk-17\bin\java.dll

dbghelp: loaded successfully - version: 4.0.5 - missing functions: none
symbol engine: initialized successfully - sym options: 0x614 - pdb path: .;C:\Program Files\Java\jdk-17\bin;C:\WINDOWS\SYSTEM32;C:\WINDOWS\WinSxS\amd64_microsoft.windows.common-controls_6595b64144ccf1df_6.0.26100.3912_none_3e07963ce335137e;C:\Program Files\Java\jdk-17\bin\server

VM Arguments:
jvm_args: -XX:TieredStopAtLevel=1 -Dspring.output.ansi.enabled=always -Dcom.sun.management.jmxremote -Dspring.jmx.enabled=true -Dspring.liveBeansView.mbeanDomain -Dspring.application.admin.enabled=true -Dmanagement.endpoints.jmx.exposure.include=* -javaagent:C:\Program Files\JetBrains\IntelliJ IDEA 2023.3.2\lib\idea_rt.jar=50989:C:\Program Files\JetBrains\IntelliJ IDEA 2023.3.2\bin -Dfile.encoding=UTF-8 
java_command: com.goormplay.eurekaservice.EurekaServiceApplication
java_class_path (initial): C:\Users\ke_we\OneDrive\ąŮĹÁ Č­¸é\GoormPlay\eureka-service\build\classes\java\main;C:\Users\ke_we\OneDrive\ąŮĹÁ Č­¸é\GoormPlay\eureka-service\build\resources\main;C:\Users\ke_we\.gradle\caches\modules-2\files-2.1\org.projectlombok\lombok\1.18.38\57f8f5e02e92a30fd21b80cbd426a4172b5f8e29\lombok-1.18.38.jar;C:\Users\ke_we\.gradle\caches\modules-2\files-2.1\org.springframework.boot\spring-boot-starter-security\3.4.5\1893f9d40f28cc47a87a3478b02e1e45650bfe43\spring-boot-starter-security-3.4.5.jar;C:\Users\ke_we\.gradle\caches\modules-2\files-2.1\org.springframework.cloud\spring-cloud-starter-netflix-eureka-server\4.2.1\5c8b86b970e832116a6319aa7283ac8291d6de50\spring-cloud-starter-netflix-eureka-server-4.2.1.jar;C:\Users\ke_we\.gradle\caches\modules-2\files-2.1\org.springframework.boot\spring-boot-starter\3.4.5\3b1cd30bd3be52f5fd0c0934882ec86ed4457646\spring-boot-starter-3.4.5.jar;C:\Users\ke_we\.gradle\caches\modules-2\files-2.1\org.springframework.security\spring-security-config\6.4.5\51f03717b00eb1843073cccb0ff294edb7946917\spring-security-config-6.4.5.jar;C:\Users\ke_we\.gradle\caches\modules-2\files-2.1\org.springframework.security\spring-security-web\6.4.5\f430226d6af53c86bf02feb461d9b035953d8deb\spring-security-web-6.4.5.jar;C:\Users\ke_we\.gradle\caches\modules-2\files-2.1\org.springframework\spring-aop\6.2.6\ab5502a1e9694f2ecd001ecb1ee1fc46b29cfbd9\spring-aop-6.2.6.jar;C:\Users\ke_we\.gradle\caches\modules-2\files-2.1\org.springframework.cloud\spring-cloud-starter-loadbalancer\4.2.1\e371c3a181687c3adfc665e156b3790a585cd011\spring-cloud-starter-loadbalancer-4.2.1.jar;C:\Users\ke_we\.gradle\caches\modules-2\files-2.1\org.springframework.cloud\spring-cloud-starter\4.2.1\9a4fe0a24dbe02fb31c404dea8b3b85fdd07220f\spring-cloud-starter-4.2.1.jar;C:\Users\ke_we\.gradle\caches\modules-2\files-2.1\org.springframework.cloud\spring-cloud-netflix-eureka-server\4.2.1\cb243f9513f6f7584bb0a246dfef3fc70ddafa11\spring-cloud-netflix-eureka-server-4.2.1.ja
Launcher Type: SUN_STANDARD

[Global flags]
     intx CICompilerCount                          = 12                                        {product} {ergonomic}
     uint ConcGCThreads                            = 4                                         {product} {ergonomic}
     uint G1ConcRefinementThreads                  = 15                                        {product} {ergonomic}
   size_t G1HeapRegionSize                         = 4194304                                   {product} {ergonomic}
    uintx GCDrainStackTargetSize                   = 64                                        {product} {ergonomic}
   size_t InitialHeapSize                          = 532676608                                 {product} {ergonomic}
     bool ManagementServer                         = true                                      {product} {command line}
   size_t MarkStackSize                            = 4194304                                   {product} {ergonomic}
   size_t MaxHeapSize                              = 8476688384                                {product} {ergonomic}
   size_t MinHeapDeltaBytes                        = 4194304                                   {product} {ergonomic}
   size_t MinHeapSize                              = 8388608                                   {product} {ergonomic}
    uintx NonProfiledCodeHeapSize                  = 0                                      {pd product} {ergonomic}
     bool ProfileInterpreter                       = false                                  {pd product} {command line}
    uintx ProfiledCodeHeapSize                     = 0                                      {pd product} {ergonomic}
   size_t SoftMaxHeapSize                          = 8476688384                             {manageable} {ergonomic}
     intx TieredStopAtLevel                        = 1                                         {product} {command line}
     bool UseCompressedClassPointers               = true                           {product lp64_product} {ergonomic}
     bool UseCompressedOops                        = true                           {product lp64_product} {ergonomic}
     bool UseG1GC                                  = true                                      {product} {ergonomic}
     bool UseLargePagesIndividualAllocation        = false                                  {pd product} {ergonomic}

Logging:
Log output configuration:
 #0: stdout all=warning uptime,level,tags
 #1: stderr all=off uptime,level,tags

Environment Variables:
JAVA_HOME=C:\Program Files\Java\jdk-17
PATH=C:\Python313\Scripts\;C:\Python313\;C:\oraclexe\app\oracle\product\11.2.0\server\bin;C:\Program Files\Java\jdk-17\bin;C:\Program Files\Common Files\Oracle\Java\javapath;C:\Program Files (x86)\Common Files\Oracle\Java\javapath;C:\windows\system32;C:\windows;C:\windows\System32\Wbem;C:\windows\System32\WindowsPowerShell\v1.0\;C:\windows\System32\OpenSSH\;C:\Program Files (x86)\NVIDIA Corporation\PhysX\Common;C:\Program Files\NVIDIA Corporation\NVIDIA NvDLISR;C:\Program Files\Git\cmd;C:\Program Files\maven\apache-maven-3.9.5\bin;C:\Program Files\Geth;C:\WINDOWS\system32;C:\WINDOWS;C:\WINDOWS\System32\Wbem;C:\WINDOWS\System32\WindowsPowerShell\v1.0\;C:\WINDOWS\System32\OpenSSH\;C:\Program Files\nodejs\;C:\ProgramData\chocolatey\bin;C:\Program Files\Redis\;C:\Program Files\MySQL\MySQL Shell 8.0\bin\;C:\Users\ke_we\AppData\Local\Programs\Python\Python312\Scripts\;C:\Users\ke_we\AppData\Local\Programs\Python\Python312\;C:\Users\ke_we\AppData\Local\Programs\Python\Launcher\;C:\Ruby32-x64\bin;C:\Users\ke_we\AppData\Local\Microsoft\WindowsApps;C:\Users\ke_we\AppData\Local\afreeca;C:\Users\ke_we\AppData\Local\Programs\Microsoft VS Code\bin;C:\Program Files\JetBrains\IntelliJ IDEA 2023.3.2\bin;;C:\flutter\bin;C:\Users\ke_we\AppData\Roaming\npm;C:\Users\ke_we\AppData\Local\GitHubDesktop\bin;C:\Users\ke_we\AppData\Local\Programs\cursor\resources\app\bin;C:\Program Files\MongoDB\Server\8.0\bin;
USERNAME=ke_we
OS=Windows_NT
PROCESSOR_IDENTIFIER=Intel64 Family 6 Model 186 Stepping 2, GenuineIntel



---------------  S Y S T E M  ---------------

OS:
 Windows 11 , 64 bit Build 26100 (10.0.26100.3912)
OS uptime: 6 days 13:24 hours
Hyper-V role detected

CPU: total 20 (initial active 20) (10 cores per cpu, 2 threads per core) family 6 model 186 stepping 2 microcode 0x410e, cx8, cmov, fxsr, ht, mmx, 3dnowpref, sse, sse2, sse3, ssse3, sse4.1, sse4.2, popcnt, lzcnt, tsc, tscinvbit, avx, avx2, aes, erms, clmul, bmi1, bmi2, adx, sha, fma, vzeroupper, clflush, clflushopt, clwb, hv

Memory: 4k page, system-wide physical 32327M (9428M free)
TotalPageFile size 37263M (AvailPageFile size 296M)
current process WorkingSet (physical memory assigned to process): 14M, peak: 14M
current process commit charge ("private bytes"): 71M, peak: 578M

vm_info: Java HotSpot(TM) 64-Bit Server VM (17.0.9+11-LTS-201) for windows-amd64 JRE (17.0.9+11-LTS-201), built on Oct 10 2023 23:16:06 by "mach5one" with MS VC++ 17.1 (VS2022)

END.
