
  .   ____          _            __ _ _
 /\\ / ___'_ __ _ _(_)_ __  __ _ \ \ \ \
( ( )\___ | '_ | '_| | '_ \/ _` | \ \ \ \
 \\/  ___)| |_)| | | | | || (_| |  ) ) ) )
  '  |____| .__|_| |_|_| |_\__, | / / / /
 =========|_|==============|___/=/_/_/_/

 :: Spring Boot ::                (v3.4.5)

2025-05-16T17:25:23.623+09:00  INFO 26881 --- [review-service] [           main] c.g.r.ReviewServiceApplication           : Starting ReviewServiceApplication v0.0.1-SNAPSHOT using Java 17.0.15 with PID 26881 (/Users/master/Documents/project/GoormPlay/review-service/build/libs/review-service-0.0.1-SNAPSHOT.jar started by master in /Users/master/Documents/project/GoormPlay)
2025-05-16T17:25:23.624+09:00  INFO 26881 --- [review-service] [           main] c.g.r.ReviewServiceApplication           : No active profile set, falling back to 1 default profile: "default"
2025-05-16T17:25:24.011+09:00  INFO 26881 --- [review-service] [           main] .s.d.r.c.RepositoryConfigurationDelegate : Multiple Spring Data modules found, entering strict repository configuration mode
2025-05-16T17:25:24.012+09:00  INFO 26881 --- [review-service] [           main] .s.d.r.c.RepositoryConfigurationDelegate : Bootstrapping Spring Data MongoDB repositories in DEFAULT mode.
2025-05-16T17:25:24.081+09:00  INFO 26881 --- [review-service] [           main] .s.d.r.c.RepositoryConfigurationDelegate : Finished Spring Data repository scanning in 66 ms. Found 1 MongoDB repository interface.
2025-05-16T17:25:24.087+09:00  INFO 26881 --- [review-service] [           main] .s.d.r.c.RepositoryConfigurationDelegate : Multiple Spring Data modules found, entering strict repository configuration mode
2025-05-16T17:25:24.087+09:00  INFO 26881 --- [review-service] [           main] .s.d.r.c.RepositoryConfigurationDelegate : Bootstrapping Spring Data Redis repositories in DEFAULT mode.
2025-05-16T17:25:24.092+09:00  INFO 26881 --- [review-service] [           main] .RepositoryConfigurationExtensionSupport : Spring Data Redis - Could not safely identify store assignment for repository candidate interface com.goormplay.reviewservice.review.repository.ReviewRepository; If you want this repository to be a Redis repository, consider annotating your entities with one of these annotations: org.springframework.data.redis.core.RedisHash (preferred), or consider extending one of the following types with your repository: org.springframework.data.keyvalue.repository.KeyValueRepository
2025-05-16T17:25:24.092+09:00  INFO 26881 --- [review-service] [           main] .s.d.r.c.RepositoryConfigurationDelegate : Finished Spring Data repository scanning in 1 ms. Found 0 Redis repository interfaces.
2025-05-16T17:25:24.194+09:00  INFO 26881 --- [review-service] [           main] o.s.cloud.context.scope.GenericScope     : BeanFactory id=a7f9ff37-621a-39fc-b4ff-bf718887b8ec
2025-05-16T17:25:24.346+09:00  INFO 26881 --- [review-service] [           main] o.s.b.w.embedded.tomcat.TomcatWebServer  : Tomcat initialized with port 9007 (http)
2025-05-16T17:25:24.353+09:00  INFO 26881 --- [review-service] [           main] o.apache.catalina.core.StandardService   : Starting service [Tomcat]
2025-05-16T17:25:24.353+09:00  INFO 26881 --- [review-service] [           main] o.apache.catalina.core.StandardEngine    : Starting Servlet engine: [Apache Tomcat/10.1.40]
2025-05-16T17:25:24.366+09:00  INFO 26881 --- [review-service] [           main] o.a.c.c.C.[Tomcat].[localhost].[/]       : Initializing Spring embedded WebApplicationContext
2025-05-16T17:25:24.367+09:00  INFO 26881 --- [review-service] [           main] w.s.c.ServletWebServerApplicationContext : Root WebApplicationContext: initialization completed in 721 ms
2025-05-16T17:25:24.464+09:00  INFO 26881 --- [review-service] [           main] org.mongodb.driver.client                : MongoClient with metadata {"driver": {"name": "mongo-java-driver|sync|spring-boot", "version": "5.2.1"}, "os": {"type": "Darwin", "name": "Mac OS X", "architecture": "aarch64", "version": "14.6.1"}, "platform": "Java/Homebrew/17.0.15+0"} created with settings MongoClientSettings{readPreference=primary, writeConcern=WriteConcern{w=null, wTimeout=null ms, journal=null}, retryWrites=true, retryReads=true, readConcern=ReadConcern{level=null}, credential=null, transportSettings=null, commandListeners=[], codecRegistry=ProvidersCodecRegistry{codecProviders=[ValueCodecProvider{}, BsonValueCodecProvider{}, DBRefCodecProvider{}, DBObjectCodecProvider{}, DocumentCodecProvider{}, CollectionCodecProvider{}, IterableCodecProvider{}, MapCodecProvider{}, GeoJsonCodecProvider{}, GridFSFileCodecProvider{}, Jsr310CodecProvider{}, JsonObjectCodecProvider{}, BsonCodecProvider{}, EnumCodecProvider{}, com.mongodb.client.model.mql.ExpressionCodecProvider@4ee8051c, com.mongodb.Jep395RecordCodecProvider@53125718, com.mongodb.KotlinCodecProvider@53016b11]}, loggerSettings=LoggerSettings{maxDocumentLength=1000}, clusterSettings={hosts=[localhost:27017], srvServiceName=mongodb, mode=SINGLE, requiredClusterType=UNKNOWN, requiredReplicaSetName='null', serverSelector='null', clusterListeners='[]', serverSelectionTimeout='30000 ms', localThreshold='15 ms'}, socketSettings=SocketSettings{connectTimeoutMS=10000, readTimeoutMS=0, receiveBufferSize=0, proxySettings=ProxySettings{host=null, port=null, username=null, password=null}}, heartbeatSocketSettings=SocketSettings{connectTimeoutMS=10000, readTimeoutMS=10000, receiveBufferSize=0, proxySettings=ProxySettings{host=null, port=null, username=null, password=null}}, connectionPoolSettings=ConnectionPoolSettings{maxSize=100, minSize=0, maxWaitTimeMS=120000, maxConnectionLifeTimeMS=0, maxConnectionIdleTimeMS=0, maintenanceInitialDelayMS=0, maintenanceFrequencyMS=60000, connectionPoolListeners=[], maxConnecting=2}, serverSettings=ServerSettings{heartbeatFrequencyMS=10000, minHeartbeatFrequencyMS=500, serverMonitoringMode=AUTO, serverListeners='[]', serverMonitorListeners='[]'}, sslSettings=SslSettings{enabled=false, invalidHostNameAllowed=false, context=null}, applicationName='null', compressorList=[], uuidRepresentation=JAVA_LEGACY, serverApi=null, autoEncryptionSettings=null, dnsClient=null, inetAddressResolver=null, contextProvider=null, timeoutMS=null}
2025-05-16T17:25:24.473+09:00  INFO 26881 --- [review-service] [localhost:27017] org.mongodb.driver.cluster               : Monitor thread successfully connected to server with description ServerDescription{address=localhost:27017, type=STANDALONE, cryptd=false, state=CONNECTED, ok=true, minWireVersion=0, maxWireVersion=25, maxDocumentSize=16777216, logicalSessionTimeoutMinutes=30, roundTripTimeNanos=8441834, minRoundTripTimeNanos=0}
2025-05-16T17:25:24.658+09:00  WARN 26881 --- [review-service] [           main] .s.s.UserDetailsServiceAutoConfiguration : 

Using generated security password: e62ed5c6-8328-461b-aae5-cb32bcb5d8d9

This generated password is for development use only. Your security configuration must be updated before running your application in production.

2025-05-16T17:25:24.666+09:00  INFO 26881 --- [review-service] [           main] r$InitializeUserDetailsManagerConfigurer : Global AuthenticationManager configured with UserDetailsService bean with name inMemoryUserDetailsManager
2025-05-16T17:25:24.969+09:00  INFO 26881 --- [review-service] [           main] DiscoveryClientOptionalArgsConfiguration : Eureka HTTP Client uses RestTemplate.
2025-05-16T17:25:24.983+09:00  WARN 26881 --- [review-service] [           main] iguration$LoadBalancerCaffeineWarnLogger : Spring Cloud LoadBalancer is currently working with the default cache. While this cache implementation is useful for development and tests, it's recommended to use Caffeine cache in production.You can switch to using Caffeine cache, by adding it and org.springframework.cache.caffeine.CaffeineCacheManager to the classpath.
2025-05-16T17:25:25.002+09:00  INFO 26881 --- [review-service] [           main] o.s.c.n.eureka.InstanceInfoFactory       : Setting initial instance status as: STARTING
2025-05-16T17:25:25.011+09:00  INFO 26881 --- [review-service] [           main] com.netflix.discovery.DiscoveryClient    : Initializing Eureka in region us-east-1
2025-05-16T17:25:25.013+09:00  INFO 26881 --- [review-service] [           main] c.n.d.s.r.aws.ConfigClusterResolver      : Resolving eureka endpoints via configuration
2025-05-16T17:25:25.016+09:00  INFO 26881 --- [review-service] [           main] com.netflix.discovery.DiscoveryClient    : Disable delta property : false
2025-05-16T17:25:25.016+09:00  INFO 26881 --- [review-service] [           main] com.netflix.discovery.DiscoveryClient    : Single vip registry refresh property : null
2025-05-16T17:25:25.016+09:00  INFO 26881 --- [review-service] [           main] com.netflix.discovery.DiscoveryClient    : Force full registry fetch : false
2025-05-16T17:25:25.016+09:00  INFO 26881 --- [review-service] [           main] com.netflix.discovery.DiscoveryClient    : Application is null : false
2025-05-16T17:25:25.016+09:00  INFO 26881 --- [review-service] [           main] com.netflix.discovery.DiscoveryClient    : Registered Applications size is zero : true
2025-05-16T17:25:25.016+09:00  INFO 26881 --- [review-service] [           main] com.netflix.discovery.DiscoveryClient    : Application version is -1: true
2025-05-16T17:25:25.016+09:00  INFO 26881 --- [review-service] [           main] com.netflix.discovery.DiscoveryClient    : Getting all instance registry info from the eureka server
2025-05-16T17:25:25.251+09:00  INFO 26881 --- [review-service] [           main] com.netflix.discovery.DiscoveryClient    : The response status is 200
2025-05-16T17:25:25.251+09:00  INFO 26881 --- [review-service] [           main] com.netflix.discovery.DiscoveryClient    : Starting heartbeat executor: renew interval is: 30
2025-05-16T17:25:25.252+09:00  INFO 26881 --- [review-service] [           main] c.n.discovery.InstanceInfoReplicator     : InstanceInfoReplicator onDemand update allowed rate per min is 4
2025-05-16T17:25:25.252+09:00  INFO 26881 --- [review-service] [           main] com.netflix.discovery.DiscoveryClient    : Discovery Client initialized at timestamp 1747383925252 with initial instances count: 3
2025-05-16T17:25:25.254+09:00  INFO 26881 --- [review-service] [           main] o.s.c.n.e.s.EurekaServiceRegistry        : Registering application REVIEW-SERVICE with eureka with status UP
2025-05-16T17:25:25.254+09:00  INFO 26881 --- [review-service] [           main] com.netflix.discovery.DiscoveryClient    : Saw local status change event StatusChangeEvent [timestamp=1747383925254, current=UP, previous=STARTING]
2025-05-16T17:25:25.255+09:00  INFO 26881 --- [review-service] [foReplicator-%d] com.netflix.discovery.DiscoveryClient    : DiscoveryClient_REVIEW-SERVICE/172.16.24.93:review-service:9007: registering service...
2025-05-16T17:25:25.261+09:00  INFO 26881 --- [review-service] [           main] o.s.b.w.embedded.tomcat.TomcatWebServer  : Tomcat started on port 9007 (http) with context path '/'
2025-05-16T17:25:25.262+09:00  INFO 26881 --- [review-service] [           main] .s.c.n.e.s.EurekaAutoServiceRegistration : Updating port to 9007
2025-05-16T17:25:25.275+09:00  INFO 26881 --- [review-service] [           main] c.g.r.ReviewServiceApplication           : Started ReviewServiceApplication in 1.866 seconds (process running for 2.167)
2025-05-16T17:25:25.339+09:00  INFO 26881 --- [review-service] [foReplicator-%d] com.netflix.discovery.DiscoveryClient    : DiscoveryClient_REVIEW-SERVICE/172.16.24.93:review-service:9007 - registration status: 204
2025-05-16T17:30:25.020+09:00  INFO 26881 --- [review-service] [rap-executor-%d] c.n.d.s.r.aws.ConfigClusterResolver      : Resolving eureka endpoints via configuration
