2025-05-20 13:32:17.986 - HV000001: Hibernate Validator 8.0.2.Final
2025-05-20 13:32:18.001 - Starting AdAdminServiceApplication using Java 17.0.15 with PID 82599 (/Users/master/Documents/project/GoormPlay/ad-admin-service/build/classes/java/main started by master in /Users/master/Documents/project/GoormPlay)
2025-05-20 13:32:18.001 - No active profile set, falling back to 1 default profile: "default"
2025-05-20 13:32:18.013 - Devtools property defaults active! Set 'spring.devtools.add-properties' to 'false' to disable
2025-05-20 13:32:18.013 - For additional web related logging consider setting the 'logging.level.web' property to 'DEBUG'
2025-05-20 13:32:18.355 - Multiple Spring Data modules found, entering strict repository configuration mode
2025-05-20 13:32:18.356 - Bootstrapping Spring Data JPA repositories in DEFAULT mode.
2025-05-20 13:32:18.372 - Spring Data JPA - Could not safely identify store assignment for repository candidate interface com.goormplay.adadminservice.repository.AdMetaGroupRepository; If you want this repository to be a JPA repository, consider annotating your entities with one of these annotations: jakarta.persistence.Entity, jakarta.persistence.MappedSuperclass (preferred), or consider extending one of the following types with your repository: org.springframework.data.jpa.repository.JpaRepository
2025-05-20 13:32:18.420 - Finished Spring Data repository scanning in 61 ms. Found 2 JPA repository interfaces.
2025-05-20 13:32:18.431 - Multiple Spring Data modules found, entering strict repository configuration mode
2025-05-20 13:32:18.431 - Bootstrapping Spring Data MongoDB repositories in DEFAULT mode.
2025-05-20 13:32:18.434 - Spring Data MongoDB - Could not safely identify store assignment for repository candidate interface com.goormplay.adadminservice.repository.AdTransactionLogRepository; If you want this repository to be a MongoDB repository, consider annotating your entities with one of these annotations: org.springframework.data.mongodb.core.mapping.Document (preferred), or consider extending one of the following types with your repository: org.springframework.data.mongodb.repository.MongoRepository
2025-05-20 13:32:18.434 - Spring Data MongoDB - Could not safely identify store assignment for repository candidate interface com.goormplay.adadminservice.repository.AdvertiserAccountRepository; If you want this repository to be a MongoDB repository, consider annotating your entities with one of these annotations: org.springframework.data.mongodb.core.mapping.Document (preferred), or consider extending one of the following types with your repository: org.springframework.data.mongodb.repository.MongoRepository
2025-05-20 13:32:18.436 - Finished Spring Data repository scanning in 4 ms. Found 1 MongoDB repository interface.
2025-05-20 13:32:18.561 - BeanFactory id=9e103cda-153d-3ac0-becf-deb3df33ae7b
2025-05-20 13:32:18.719 - Tomcat initialized with port 8089 (http)
2025-05-20 13:32:18.724 - Initializing ProtocolHandler ["http-nio-8089"]
2025-05-20 13:32:18.724 - Starting service [Tomcat]
2025-05-20 13:32:18.725 - Starting Servlet engine: [Apache Tomcat/10.1.40]
2025-05-20 13:32:18.742 - Initializing Spring embedded WebApplicationContext
2025-05-20 13:32:18.742 - Root WebApplicationContext: initialization completed in 728 ms
2025-05-20 13:32:18.803 - HHH000204: Processing PersistenceUnitInfo [name: default]
2025-05-20 13:32:18.825 - HHH000412: Hibernate ORM core version 6.6.13.Final
2025-05-20 13:32:18.836 - HHH000026: Second-level cache disabled
2025-05-20 13:32:18.926 - No LoadTimeWeaver setup: ignoring JPA class transformer
2025-05-20 13:32:18.935 - HikariPool-1 - Starting...
2025-05-20 13:32:19.031 - HikariPool-1 - Added connection com.mysql.cj.jdbc.ConnectionImpl@1dad374b
2025-05-20 13:32:19.032 - HikariPool-1 - Start completed.
2025-05-20 13:32:19.050 - HHH90000025: MySQL8Dialect does not need to be specified explicitly using 'hibernate.dialect' (remove the property setting and it will be selected by default)
2025-05-20 13:32:19.050 - HHH90000026: MySQL8Dialect has been deprecated; use org.hibernate.dialect.MySQLDialect instead
2025-05-20 13:32:19.055 - HHH10001005: Database info:
	Database JDBC URL [Connecting through datasource 'HikariDataSource (HikariPool-1)']
	Database driver: undefined/unknown
	Database version: 8.0
	Autocommit mode: undefined/unknown
	Isolation level: undefined/unknown
	Minimum pool size: undefined/unknown
	Maximum pool size: undefined/unknown
2025-05-20 13:32:19.321 - HHH000489: No JTA platform available (set 'hibernate.transaction.jta.platform' to enable JTA platform integration)
2025-05-20 13:32:19.340 - Initialized JPA EntityManagerFactory for persistence unit 'default'
2025-05-20 13:32:19.343 - Loaded SERVICE_NAME: null
2025-05-20 13:32:19.343 - Loaded MONGODB_URI: mongodb+srv://user:goorm0508@goorm-mongodb.svz66jf.mongodb.net/?retryWrites=true&w=majority&appName=goorm-mongoDB
2025-05-20 13:32:19.343 - Loaded MONGODB_DATABASE: content-db
2025-05-20 13:32:19.495 - Default advertiser account already exists: ADV_001
2025-05-20 13:32:19.557 - MongoClient with metadata {"application": {"name": "goorm-mongoDB"}, "driver": {"name": "mongo-java-driver|sync", "version": "5.2.1"}, "os": {"type": "Darwin", "name": "Mac OS X", "architecture": "aarch64", "version": "14.6.1"}, "platform": "Java/Homebrew/17.0.15+0"} created with settings MongoClientSettings{readPreference=primary, writeConcern=WriteConcern{w=majority, wTimeout=null ms, journal=null}, retryWrites=true, retryReads=true, readConcern=ReadConcern{level=null}, credential=MongoCredential{mechanism=null, userName='user', source='admin', password=<hidden>, mechanismProperties=<hidden>}, transportSettings=null, commandListeners=[], codecRegistry=ProvidersCodecRegistry{codecProviders=[ValueCodecProvider{}, BsonValueCodecProvider{}, DBRefCodecProvider{}, DBObjectCodecProvider{}, DocumentCodecProvider{}, CollectionCodecProvider{}, IterableCodecProvider{}, MapCodecProvider{}, GeoJsonCodecProvider{}, GridFSFileCodecProvider{}, Jsr310CodecProvider{}, JsonObjectCodecProvider{}, BsonCodecProvider{}, EnumCodecProvider{}, com.mongodb.client.model.mql.ExpressionCodecProvider@7b2b070b, com.mongodb.Jep395RecordCodecProvider@640de4f2, com.mongodb.KotlinCodecProvider@2e0ba2d3]}, loggerSettings=LoggerSettings{maxDocumentLength=1000}, clusterSettings={hosts=[127.0.0.1:27017], srvHost=goorm-mongodb.svz66jf.mongodb.net, srvServiceName=mongodb, mode=MULTIPLE, requiredClusterType=REPLICA_SET, requiredReplicaSetName='atlas-9omk4u-shard-0', serverSelector='null', clusterListeners='[]', serverSelectionTimeout='30000 ms', localThreshold='15 ms'}, socketSettings=SocketSettings{connectTimeoutMS=10000, readTimeoutMS=0, receiveBufferSize=0, proxySettings=ProxySettings{host=null, port=null, username=null, password=null}}, heartbeatSocketSettings=SocketSettings{connectTimeoutMS=10000, readTimeoutMS=10000, receiveBufferSize=0, proxySettings=ProxySettings{host=null, port=null, username=null, password=null}}, connectionPoolSettings=ConnectionPoolSettings{maxSize=100, minSize=0, maxWaitTimeMS=120000, maxConnectionLifeTimeMS=0, maxConnectionIdleTimeMS=0, maintenanceInitialDelayMS=0, maintenanceFrequencyMS=60000, connectionPoolListeners=[], maxConnecting=2}, serverSettings=ServerSettings{heartbeatFrequencyMS=10000, minHeartbeatFrequencyMS=500, serverMonitoringMode=AUTO, serverListeners='[]', serverMonitorListeners='[]'}, sslSettings=SslSettings{enabled=true, invalidHostNameAllowed=false, context=null}, applicationName='goorm-mongoDB', compressorList=[], uuidRepresentation=UNSPECIFIED, serverApi=ServerApi{version=V1, deprecationErrors=null, strict=null}, autoEncryptionSettings=null, dnsClient=null, inetAddressResolver=null, contextProvider=null, timeoutMS=null}
2025-05-20 13:32:19.559 - Adding discovered server ac-ij0xaje-shard-00-02.svz66jf.mongodb.net:27017 to client view of cluster
2025-05-20 13:32:19.568 - Adding discovered server ac-ij0xaje-shard-00-00.svz66jf.mongodb.net:27017 to client view of cluster
2025-05-20 13:32:19.569 - Adding discovered server ac-ij0xaje-shard-00-01.svz66jf.mongodb.net:27017 to client view of cluster
2025-05-20 13:32:19.627 - LiveReload server is running on port 35729
2025-05-20 13:32:19.680 - spring.jpa.open-in-view is enabled by default. Therefore, database queries may be performed during view rendering. Explicitly configure spring.jpa.open-in-view to disable this warning
2025-05-20 13:32:19.696 - 

Using generated security password: ed2e1796-fb56-4b65-86ed-cc088ca974c9

This generated password is for development use only. Your security configuration must be updated before running your application in production.

2025-05-20 13:32:19.701 - Global AuthenticationManager configured with UserDetailsService bean with name inMemoryUserDetailsManager
2025-05-20 13:32:19.710 - Monitor thread successfully connected to server with description ServerDescription{address=ac-ij0xaje-shard-00-01.svz66jf.mongodb.net:27017, type=REPLICA_SET_SECONDARY, cryptd=false, state=CONNECTED, ok=true, minWireVersion=0, maxWireVersion=25, maxDocumentSize=16777216, logicalSessionTimeoutMinutes=30, roundTripTimeNanos=75310500, minRoundTripTimeNanos=0, setName='atlas-9omk4u-shard-0', canonicalAddress=ac-ij0xaje-shard-00-01.svz66jf.mongodb.net:27017, hosts=[ac-ij0xaje-shard-00-00.svz66jf.mongodb.net:27017, ac-ij0xaje-shard-00-01.svz66jf.mongodb.net:27017, ac-ij0xaje-shard-00-02.svz66jf.mongodb.net:27017], passives=[], arbiters=[], primary='ac-ij0xaje-shard-00-02.svz66jf.mongodb.net:27017', tagSet=TagSet{[Tag{name='availabilityZone', value='apne2-az3'}, Tag{name='diskState', value='READY'}, Tag{name='nodeType', value='ELECTABLE'}, Tag{name='provider', value='AWS'}, Tag{name='region', value='AP_NORTHEAST_2'}, Tag{name='workloadType', value='OPERATIONAL'}]}, electionId=null, setVersion=1, topologyVersion=TopologyVersion{processId=682b43426320913b958841a4, counter=3}, lastWriteDate=Tue May 20 13:32:18 KST 2025, lastUpdateTimeNanos=625938506686000}
2025-05-20 13:32:19.710 - Monitor thread successfully connected to server with description ServerDescription{address=ac-ij0xaje-shard-00-02.svz66jf.mongodb.net:27017, type=REPLICA_SET_PRIMARY, cryptd=false, state=CONNECTED, ok=true, minWireVersion=0, maxWireVersion=25, maxDocumentSize=16777216, logicalSessionTimeoutMinutes=30, roundTripTimeNanos=75314000, minRoundTripTimeNanos=0, setName='atlas-9omk4u-shard-0', canonicalAddress=ac-ij0xaje-shard-00-02.svz66jf.mongodb.net:27017, hosts=[ac-ij0xaje-shard-00-00.svz66jf.mongodb.net:27017, ac-ij0xaje-shard-00-01.svz66jf.mongodb.net:27017, ac-ij0xaje-shard-00-02.svz66jf.mongodb.net:27017], passives=[], arbiters=[], primary='ac-ij0xaje-shard-00-02.svz66jf.mongodb.net:27017', tagSet=TagSet{[Tag{name='availabilityZone', value='apne2-az2'}, Tag{name='diskState', value='READY'}, Tag{name='nodeType', value='ELECTABLE'}, Tag{name='provider', value='AWS'}, Tag{name='region', value='AP_NORTHEAST_2'}, Tag{name='workloadType', value='OPERATIONAL'}]}, electionId=7fffffff0000000000000020, setVersion=1, topologyVersion=TopologyVersion{processId=682b406eaec8b2058fac790f, counter=6}, lastWriteDate=Tue May 20 13:32:18 KST 2025, lastUpdateTimeNanos=625938506687916}
2025-05-20 13:32:19.710 - Monitor thread successfully connected to server with description ServerDescription{address=ac-ij0xaje-shard-00-00.svz66jf.mongodb.net:27017, type=REPLICA_SET_SECONDARY, cryptd=false, state=CONNECTED, ok=true, minWireVersion=0, maxWireVersion=25, maxDocumentSize=16777216, logicalSessionTimeoutMinutes=30, roundTripTimeNanos=72970500, minRoundTripTimeNanos=0, setName='atlas-9omk4u-shard-0', canonicalAddress=ac-ij0xaje-shard-00-00.svz66jf.mongodb.net:27017, hosts=[ac-ij0xaje-shard-00-00.svz66jf.mongodb.net:27017, ac-ij0xaje-shard-00-01.svz66jf.mongodb.net:27017, ac-ij0xaje-shard-00-02.svz66jf.mongodb.net:27017], passives=[], arbiters=[], primary='ac-ij0xaje-shard-00-02.svz66jf.mongodb.net:27017', tagSet=TagSet{[Tag{name='availabilityZone', value='apne2-az1'}, Tag{name='diskState', value='READY'}, Tag{name='nodeType', value='ELECTABLE'}, Tag{name='provider', value='AWS'}, Tag{name='region', value='AP_NORTHEAST_2'}, Tag{name='workloadType', value='OPERATIONAL'}]}, electionId=null, setVersion=1, topologyVersion=TopologyVersion{processId=682b3d55c6d06823b61ad526, counter=4}, lastWriteDate=Tue May 20 13:32:18 KST 2025, lastUpdateTimeNanos=625938506687916}
2025-05-20 13:32:19.711 - Discovered replica set primary ac-ij0xaje-shard-00-02.svz66jf.mongodb.net:27017 with max election id 7fffffff0000000000000020 and max set version 1
2025-05-20 13:32:19.904 - Exception encountered during context initialization - cancelling refresh attempt: org.springframework.beans.factory.BeanCreationException: Error creating bean with name 'clientHttpRequestFactoryBuilder' defined in class path resource [org/springframework/boot/autoconfigure/http/client/HttpClientAutoConfiguration.class]: Failed to instantiate [org.springframework.boot.http.client.ClientHttpRequestFactoryBuilder]: Factory method 'clientHttpRequestFactoryBuilder' threw exception with message: org/apache/hc/client5/http/ssl/TlsSocketStrategy
2025-05-20 13:32:19.909 - Closing JPA EntityManagerFactory for persistence unit 'default'
2025-05-20 13:32:19.911 - HikariPool-1 - Shutdown initiated...
2025-05-20 13:32:19.913 - HikariPool-1 - Shutdown completed.
2025-05-20 13:32:19.915 - Stopping service [Tomcat]
2025-05-20 13:32:19.923 - 

Error starting ApplicationContext. To display the condition evaluation report re-run your application with 'debug' enabled.
2025-05-20 13:32:19.930 - Application run failed
org.springframework.beans.factory.BeanCreationException: Error creating bean with name 'clientHttpRequestFactoryBuilder' defined in class path resource [org/springframework/boot/autoconfigure/http/client/HttpClientAutoConfiguration.class]: Failed to instantiate [org.springframework.boot.http.client.ClientHttpRequestFactoryBuilder]: Factory method 'clientHttpRequestFactoryBuilder' threw exception with message: org/apache/hc/client5/http/ssl/TlsSocketStrategy
	at org.springframework.beans.factory.support.ConstructorResolver.instantiate(ConstructorResolver.java:657)
	at org.springframework.beans.factory.support.ConstructorResolver.instantiateUsingFactoryMethod(ConstructorResolver.java:645)
	at org.springframework.beans.factory.support.AbstractAutowireCapableBeanFactory.instantiateUsingFactoryMethod(AbstractAutowireCapableBeanFactory.java:1367)
	at org.springframework.beans.factory.support.AbstractAutowireCapableBeanFactory.createBeanInstance(AbstractAutowireCapableBeanFactory.java:1197)
	at org.springframework.beans.factory.support.AbstractAutowireCapableBeanFactory.doCreateBean(AbstractAutowireCapableBeanFactory.java:569)
	at org.springframework.beans.factory.support.AbstractAutowireCapableBeanFactory.createBean(AbstractAutowireCapableBeanFactory.java:529)
	at org.springframework.beans.factory.support.AbstractBeanFactory.lambda$doGetBean$0(AbstractBeanFactory.java:339)
	at org.springframework.beans.factory.support.DefaultSingletonBeanRegistry.getSingleton(DefaultSingletonBeanRegistry.java:371)
	at org.springframework.beans.factory.support.AbstractBeanFactory.doGetBean(AbstractBeanFactory.java:337)
	at org.springframework.beans.factory.support.AbstractBeanFactory.getBean(AbstractBeanFactory.java:202)
	at org.springframework.beans.factory.support.DefaultListableBeanFactory.instantiateSingleton(DefaultListableBeanFactory.java:1221)
	at org.springframework.beans.factory.support.DefaultListableBeanFactory.preInstantiateSingleton(DefaultListableBeanFactory.java:1187)
	at org.springframework.beans.factory.support.DefaultListableBeanFactory.preInstantiateSingletons(DefaultListableBeanFactory.java:1122)
	at org.springframework.context.support.AbstractApplicationContext.finishBeanFactoryInitialization(AbstractApplicationContext.java:987)
	at org.springframework.context.support.AbstractApplicationContext.refresh(AbstractApplicationContext.java:627)
	at org.springframework.boot.web.servlet.context.ServletWebServerApplicationContext.refresh(ServletWebServerApplicationContext.java:146)
	at org.springframework.boot.SpringApplication.refresh(SpringApplication.java:753)
	at org.springframework.boot.SpringApplication.refreshContext(SpringApplication.java:439)
	at org.springframework.boot.SpringApplication.run(SpringApplication.java:318)
	at org.springframework.boot.SpringApplication.run(SpringApplication.java:1362)
	at org.springframework.boot.SpringApplication.run(SpringApplication.java:1351)
	at com.goormplay.adadminservice.AdAdminServiceApplication.main(AdAdminServiceApplication.java:10)
	at java.base/jdk.internal.reflect.NativeMethodAccessorImpl.invoke0(Native Method)
	at java.base/jdk.internal.reflect.NativeMethodAccessorImpl.invoke(NativeMethodAccessorImpl.java:77)
	at java.base/jdk.internal.reflect.DelegatingMethodAccessorImpl.invoke(DelegatingMethodAccessorImpl.java:43)
	at java.base/java.lang.reflect.Method.invoke(Method.java:569)
	at org.springframework.boot.devtools.restart.RestartLauncher.run(RestartLauncher.java:50)
Caused by: org.springframework.beans.BeanInstantiationException: Failed to instantiate [org.springframework.boot.http.client.ClientHttpRequestFactoryBuilder]: Factory method 'clientHttpRequestFactoryBuilder' threw exception with message: org/apache/hc/client5/http/ssl/TlsSocketStrategy
	at org.springframework.beans.factory.support.SimpleInstantiationStrategy.lambda$instantiate$0(SimpleInstantiationStrategy.java:199)
	at org.springframework.beans.factory.support.SimpleInstantiationStrategy.instantiateWithFactoryMethod(SimpleInstantiationStrategy.java:88)
	at org.springframework.beans.factory.support.SimpleInstantiationStrategy.instantiate(SimpleInstantiationStrategy.java:168)
	at org.springframework.beans.factory.support.ConstructorResolver.instantiate(ConstructorResolver.java:653)
	... 26 common frames omitted
Caused by: java.lang.NoClassDefFoundError: org/apache/hc/client5/http/ssl/TlsSocketStrategy
	at org.springframework.boot.http.client.ClientHttpRequestFactoryBuilder.httpComponents(ClientHttpRequestFactoryBuilder.java:97)
	at org.springframework.boot.http.client.ClientHttpRequestFactoryBuilder.detect(ClientHttpRequestFactoryBuilder.java:200)
	at org.springframework.boot.autoconfigure.http.client.HttpClientAutoConfiguration.clientHttpRequestFactoryBuilder(HttpClientAutoConfiguration.java:53)
	at java.base/jdk.internal.reflect.NativeMethodAccessorImpl.invoke0(Native Method)
	at java.base/jdk.internal.reflect.NativeMethodAccessorImpl.invoke(NativeMethodAccessorImpl.java:77)
	at java.base/jdk.internal.reflect.DelegatingMethodAccessorImpl.invoke(DelegatingMethodAccessorImpl.java:43)
	at java.base/java.lang.reflect.Method.invoke(Method.java:569)
	at org.springframework.beans.factory.support.SimpleInstantiationStrategy.lambda$instantiate$0(SimpleInstantiationStrategy.java:171)
	... 29 common frames omitted
Caused by: java.lang.ClassNotFoundException: org.apache.hc.client5.http.ssl.TlsSocketStrategy
	at java.base/jdk.internal.loader.BuiltinClassLoader.loadClass(BuiltinClassLoader.java:641)
	at java.base/jdk.internal.loader.ClassLoaders$AppClassLoader.loadClass(ClassLoaders.java:188)
	at java.base/java.lang.ClassLoader.loadClass(ClassLoader.java:525)
	... 37 common frames omitted
2025-05-20 13:36:03.421 - HV000001: Hibernate Validator 8.0.2.Final
2025-05-20 13:36:03.442 - Starting AdAdminServiceApplication using Java 17.0.15 with PID 83358 (/Users/master/Documents/project/GoormPlay/ad-admin-service/build/classes/java/main started by master in /Users/master/Documents/project/GoormPlay)
2025-05-20 13:36:03.443 - No active profile set, falling back to 1 default profile: "default"
2025-05-20 13:36:03.474 - Devtools property defaults active! Set 'spring.devtools.add-properties' to 'false' to disable
2025-05-20 13:36:03.474 - For additional web related logging consider setting the 'logging.level.web' property to 'DEBUG'
2025-05-20 13:36:03.859 - Multiple Spring Data modules found, entering strict repository configuration mode
2025-05-20 13:36:03.860 - Bootstrapping Spring Data JPA repositories in DEFAULT mode.
2025-05-20 13:36:03.873 - Spring Data JPA - Could not safely identify store assignment for repository candidate interface com.goormplay.adadminservice.repository.AdMetaGroupRepository; If you want this repository to be a JPA repository, consider annotating your entities with one of these annotations: jakarta.persistence.Entity, jakarta.persistence.MappedSuperclass (preferred), or consider extending one of the following types with your repository: org.springframework.data.jpa.repository.JpaRepository
2025-05-20 13:36:03.927 - Finished Spring Data repository scanning in 63 ms. Found 2 JPA repository interfaces.
2025-05-20 13:36:03.938 - Multiple Spring Data modules found, entering strict repository configuration mode
2025-05-20 13:36:03.939 - Bootstrapping Spring Data MongoDB repositories in DEFAULT mode.
2025-05-20 13:36:03.941 - Spring Data MongoDB - Could not safely identify store assignment for repository candidate interface com.goormplay.adadminservice.repository.AdTransactionLogRepository; If you want this repository to be a MongoDB repository, consider annotating your entities with one of these annotations: org.springframework.data.mongodb.core.mapping.Document (preferred), or consider extending one of the following types with your repository: org.springframework.data.mongodb.repository.MongoRepository
2025-05-20 13:36:03.941 - Spring Data MongoDB - Could not safely identify store assignment for repository candidate interface com.goormplay.adadminservice.repository.AdvertiserAccountRepository; If you want this repository to be a MongoDB repository, consider annotating your entities with one of these annotations: org.springframework.data.mongodb.core.mapping.Document (preferred), or consider extending one of the following types with your repository: org.springframework.data.mongodb.repository.MongoRepository
2025-05-20 13:36:03.942 - Finished Spring Data repository scanning in 3 ms. Found 1 MongoDB repository interface.
2025-05-20 13:36:04.049 - BeanFactory id=9e103cda-153d-3ac0-becf-deb3df33ae7b
2025-05-20 13:36:04.230 - Tomcat initialized with port 8089 (http)
2025-05-20 13:36:04.236 - Initializing ProtocolHandler ["http-nio-8089"]
2025-05-20 13:36:04.236 - Starting service [Tomcat]
2025-05-20 13:36:04.236 - Starting Servlet engine: [Apache Tomcat/10.1.40]
2025-05-20 13:36:04.253 - Initializing Spring embedded WebApplicationContext
2025-05-20 13:36:04.253 - Root WebApplicationContext: initialization completed in 779 ms
2025-05-20 13:36:04.322 - HHH000204: Processing PersistenceUnitInfo [name: default]
2025-05-20 13:36:04.347 - HHH000412: Hibernate ORM core version 6.6.13.Final
2025-05-20 13:36:04.359 - HHH000026: Second-level cache disabled
2025-05-20 13:36:04.476 - No LoadTimeWeaver setup: ignoring JPA class transformer
2025-05-20 13:36:04.486 - HikariPool-1 - Starting...
2025-05-20 13:36:04.599 - HikariPool-1 - Added connection com.mysql.cj.jdbc.ConnectionImpl@4585d042
2025-05-20 13:36:04.599 - HikariPool-1 - Start completed.
2025-05-20 13:36:04.623 - HHH90000025: MySQL8Dialect does not need to be specified explicitly using 'hibernate.dialect' (remove the property setting and it will be selected by default)
2025-05-20 13:36:04.623 - HHH90000026: MySQL8Dialect has been deprecated; use org.hibernate.dialect.MySQLDialect instead
2025-05-20 13:36:04.633 - HHH10001005: Database info:
	Database JDBC URL [Connecting through datasource 'HikariDataSource (HikariPool-1)']
	Database driver: undefined/unknown
	Database version: 8.0
	Autocommit mode: undefined/unknown
	Isolation level: undefined/unknown
	Minimum pool size: undefined/unknown
	Maximum pool size: undefined/unknown
2025-05-20 13:36:04.943 - HHH000489: No JTA platform available (set 'hibernate.transaction.jta.platform' to enable JTA platform integration)
2025-05-20 13:36:04.966 - Initialized JPA EntityManagerFactory for persistence unit 'default'
2025-05-20 13:36:04.969 - Loaded SERVICE_NAME: null
2025-05-20 13:36:04.970 - Loaded MONGODB_URI: mongodb+srv://user:goorm0508@goorm-mongodb.svz66jf.mongodb.net/?retryWrites=true&w=majority&appName=goorm-mongoDB
2025-05-20 13:36:04.970 - Loaded MONGODB_DATABASE: content-db
2025-05-20 13:36:05.139 - Default advertiser account already exists: ADV_001
2025-05-20 13:36:05.218 - MongoClient with metadata {"application": {"name": "goorm-mongoDB"}, "driver": {"name": "mongo-java-driver|sync", "version": "5.2.1"}, "os": {"type": "Darwin", "name": "Mac OS X", "architecture": "aarch64", "version": "14.6.1"}, "platform": "Java/Homebrew/17.0.15+0"} created with settings MongoClientSettings{readPreference=primary, writeConcern=WriteConcern{w=majority, wTimeout=null ms, journal=null}, retryWrites=true, retryReads=true, readConcern=ReadConcern{level=null}, credential=MongoCredential{mechanism=null, userName='user', source='admin', password=<hidden>, mechanismProperties=<hidden>}, transportSettings=null, commandListeners=[], codecRegistry=ProvidersCodecRegistry{codecProviders=[ValueCodecProvider{}, BsonValueCodecProvider{}, DBRefCodecProvider{}, DBObjectCodecProvider{}, DocumentCodecProvider{}, CollectionCodecProvider{}, IterableCodecProvider{}, MapCodecProvider{}, GeoJsonCodecProvider{}, GridFSFileCodecProvider{}, Jsr310CodecProvider{}, JsonObjectCodecProvider{}, BsonCodecProvider{}, EnumCodecProvider{}, com.mongodb.client.model.mql.ExpressionCodecProvider@17aa33b9, com.mongodb.Jep395RecordCodecProvider@70536767, com.mongodb.KotlinCodecProvider@53aa9a87]}, loggerSettings=LoggerSettings{maxDocumentLength=1000}, clusterSettings={hosts=[127.0.0.1:27017], srvHost=goorm-mongodb.svz66jf.mongodb.net, srvServiceName=mongodb, mode=MULTIPLE, requiredClusterType=REPLICA_SET, requiredReplicaSetName='atlas-9omk4u-shard-0', serverSelector='null', clusterListeners='[]', serverSelectionTimeout='30000 ms', localThreshold='15 ms'}, socketSettings=SocketSettings{connectTimeoutMS=10000, readTimeoutMS=0, receiveBufferSize=0, proxySettings=ProxySettings{host=null, port=null, username=null, password=null}}, heartbeatSocketSettings=SocketSettings{connectTimeoutMS=10000, readTimeoutMS=10000, receiveBufferSize=0, proxySettings=ProxySettings{host=null, port=null, username=null, password=null}}, connectionPoolSettings=ConnectionPoolSettings{maxSize=100, minSize=0, maxWaitTimeMS=120000, maxConnectionLifeTimeMS=0, maxConnectionIdleTimeMS=0, maintenanceInitialDelayMS=0, maintenanceFrequencyMS=60000, connectionPoolListeners=[], maxConnecting=2}, serverSettings=ServerSettings{heartbeatFrequencyMS=10000, minHeartbeatFrequencyMS=500, serverMonitoringMode=AUTO, serverListeners='[]', serverMonitorListeners='[]'}, sslSettings=SslSettings{enabled=true, invalidHostNameAllowed=false, context=null}, applicationName='goorm-mongoDB', compressorList=[], uuidRepresentation=UNSPECIFIED, serverApi=ServerApi{version=V1, deprecationErrors=null, strict=null}, autoEncryptionSettings=null, dnsClient=null, inetAddressResolver=null, contextProvider=null, timeoutMS=null}
2025-05-20 13:36:05.226 - Adding discovered server ac-ij0xaje-shard-00-02.svz66jf.mongodb.net:27017 to client view of cluster
2025-05-20 13:36:05.237 - Adding discovered server ac-ij0xaje-shard-00-00.svz66jf.mongodb.net:27017 to client view of cluster
2025-05-20 13:36:05.238 - Adding discovered server ac-ij0xaje-shard-00-01.svz66jf.mongodb.net:27017 to client view of cluster
2025-05-20 13:36:05.296 - LiveReload server is running on port 35729
2025-05-20 13:36:05.356 - Monitor thread successfully connected to server with description ServerDescription{address=ac-ij0xaje-shard-00-02.svz66jf.mongodb.net:27017, type=REPLICA_SET_PRIMARY, cryptd=false, state=CONNECTED, ok=true, minWireVersion=0, maxWireVersion=25, maxDocumentSize=16777216, logicalSessionTimeoutMinutes=30, roundTripTimeNanos=73496250, minRoundTripTimeNanos=0, setName='atlas-9omk4u-shard-0', canonicalAddress=ac-ij0xaje-shard-00-02.svz66jf.mongodb.net:27017, hosts=[ac-ij0xaje-shard-00-00.svz66jf.mongodb.net:27017, ac-ij0xaje-shard-00-01.svz66jf.mongodb.net:27017, ac-ij0xaje-shard-00-02.svz66jf.mongodb.net:27017], passives=[], arbiters=[], primary='ac-ij0xaje-shard-00-02.svz66jf.mongodb.net:27017', tagSet=TagSet{[Tag{name='availabilityZone', value='apne2-az2'}, Tag{name='diskState', value='READY'}, Tag{name='nodeType', value='ELECTABLE'}, Tag{name='provider', value='AWS'}, Tag{name='region', value='AP_NORTHEAST_2'}, Tag{name='workloadType', value='OPERATIONAL'}]}, electionId=7fffffff0000000000000020, setVersion=1, topologyVersion=TopologyVersion{processId=682b406eaec8b2058fac790f, counter=6}, lastWriteDate=Tue May 20 13:36:05 KST 2025, lastUpdateTimeNanos=626164151502916}
2025-05-20 13:36:05.356 - Monitor thread successfully connected to server with description ServerDescription{address=ac-ij0xaje-shard-00-00.svz66jf.mongodb.net:27017, type=REPLICA_SET_SECONDARY, cryptd=false, state=CONNECTED, ok=true, minWireVersion=0, maxWireVersion=25, maxDocumentSize=16777216, logicalSessionTimeoutMinutes=30, roundTripTimeNanos=73506875, minRoundTripTimeNanos=0, setName='atlas-9omk4u-shard-0', canonicalAddress=ac-ij0xaje-shard-00-00.svz66jf.mongodb.net:27017, hosts=[ac-ij0xaje-shard-00-00.svz66jf.mongodb.net:27017, ac-ij0xaje-shard-00-01.svz66jf.mongodb.net:27017, ac-ij0xaje-shard-00-02.svz66jf.mongodb.net:27017], passives=[], arbiters=[], primary='ac-ij0xaje-shard-00-02.svz66jf.mongodb.net:27017', tagSet=TagSet{[Tag{name='availabilityZone', value='apne2-az1'}, Tag{name='diskState', value='READY'}, Tag{name='nodeType', value='ELECTABLE'}, Tag{name='provider', value='AWS'}, Tag{name='region', value='AP_NORTHEAST_2'}, Tag{name='workloadType', value='OPERATIONAL'}]}, electionId=null, setVersion=1, topologyVersion=TopologyVersion{processId=682b3d55c6d06823b61ad526, counter=4}, lastWriteDate=Tue May 20 13:36:05 KST 2025, lastUpdateTimeNanos=626164151547833}
2025-05-20 13:36:05.357 - Monitor thread successfully connected to server with description ServerDescription{address=ac-ij0xaje-shard-00-01.svz66jf.mongodb.net:27017, type=REPLICA_SET_SECONDARY, cryptd=false, state=CONNECTED, ok=true, minWireVersion=0, maxWireVersion=25, maxDocumentSize=16777216, logicalSessionTimeoutMinutes=30, roundTripTimeNanos=74232250, minRoundTripTimeNanos=0, setName='atlas-9omk4u-shard-0', canonicalAddress=ac-ij0xaje-shard-00-01.svz66jf.mongodb.net:27017, hosts=[ac-ij0xaje-shard-00-00.svz66jf.mongodb.net:27017, ac-ij0xaje-shard-00-01.svz66jf.mongodb.net:27017, ac-ij0xaje-shard-00-02.svz66jf.mongodb.net:27017], passives=[], arbiters=[], primary='ac-ij0xaje-shard-00-02.svz66jf.mongodb.net:27017', tagSet=TagSet{[Tag{name='availabilityZone', value='apne2-az3'}, Tag{name='diskState', value='READY'}, Tag{name='nodeType', value='ELECTABLE'}, Tag{name='provider', value='AWS'}, Tag{name='region', value='AP_NORTHEAST_2'}, Tag{name='workloadType', value='OPERATIONAL'}]}, electionId=null, setVersion=1, topologyVersion=TopologyVersion{processId=682b43426320913b958841a4, counter=3}, lastWriteDate=Tue May 20 13:36:05 KST 2025, lastUpdateTimeNanos=626164151501666}
2025-05-20 13:36:05.358 - Discovered replica set primary ac-ij0xaje-shard-00-02.svz66jf.mongodb.net:27017 with max election id 7fffffff0000000000000020 and max set version 1
2025-05-20 13:36:05.359 - spring.jpa.open-in-view is enabled by default. Therefore, database queries may be performed during view rendering. Explicitly configure spring.jpa.open-in-view to disable this warning
2025-05-20 13:36:05.376 - 

Using generated security password: 0983dde8-8554-4aea-9a09-ee9a94399d55

This generated password is for development use only. Your security configuration must be updated before running your application in production.

2025-05-20 13:36:05.382 - Global AuthenticationManager configured with UserDetailsService bean with name inMemoryUserDetailsManager
2025-05-20 13:36:05.558 - Exception encountered during context initialization - cancelling refresh attempt: org.springframework.beans.factory.BeanCreationException: Error creating bean with name 'clientHttpRequestFactoryBuilder' defined in class path resource [org/springframework/boot/autoconfigure/http/client/HttpClientAutoConfiguration.class]: Failed to instantiate [org.springframework.boot.http.client.ClientHttpRequestFactoryBuilder]: Factory method 'clientHttpRequestFactoryBuilder' threw exception with message: org/apache/hc/client5/http/ssl/TlsSocketStrategy
2025-05-20 13:36:05.561 - Closing JPA EntityManagerFactory for persistence unit 'default'
2025-05-20 13:36:05.563 - HikariPool-1 - Shutdown initiated...
2025-05-20 13:36:05.565 - HikariPool-1 - Shutdown completed.
2025-05-20 13:36:05.566 - Stopping service [Tomcat]
2025-05-20 13:36:05.573 - 

Error starting ApplicationContext. To display the condition evaluation report re-run your application with 'debug' enabled.
2025-05-20 13:36:05.580 - Application run failed
org.springframework.beans.factory.BeanCreationException: Error creating bean with name 'clientHttpRequestFactoryBuilder' defined in class path resource [org/springframework/boot/autoconfigure/http/client/HttpClientAutoConfiguration.class]: Failed to instantiate [org.springframework.boot.http.client.ClientHttpRequestFactoryBuilder]: Factory method 'clientHttpRequestFactoryBuilder' threw exception with message: org/apache/hc/client5/http/ssl/TlsSocketStrategy
	at org.springframework.beans.factory.support.ConstructorResolver.instantiate(ConstructorResolver.java:657)
	at org.springframework.beans.factory.support.ConstructorResolver.instantiateUsingFactoryMethod(ConstructorResolver.java:645)
	at org.springframework.beans.factory.support.AbstractAutowireCapableBeanFactory.instantiateUsingFactoryMethod(AbstractAutowireCapableBeanFactory.java:1367)
	at org.springframework.beans.factory.support.AbstractAutowireCapableBeanFactory.createBeanInstance(AbstractAutowireCapableBeanFactory.java:1197)
	at org.springframework.beans.factory.support.AbstractAutowireCapableBeanFactory.doCreateBean(AbstractAutowireCapableBeanFactory.java:569)
	at org.springframework.beans.factory.support.AbstractAutowireCapableBeanFactory.createBean(AbstractAutowireCapableBeanFactory.java:529)
	at org.springframework.beans.factory.support.AbstractBeanFactory.lambda$doGetBean$0(AbstractBeanFactory.java:339)
	at org.springframework.beans.factory.support.DefaultSingletonBeanRegistry.getSingleton(DefaultSingletonBeanRegistry.java:371)
	at org.springframework.beans.factory.support.AbstractBeanFactory.doGetBean(AbstractBeanFactory.java:337)
	at org.springframework.beans.factory.support.AbstractBeanFactory.getBean(AbstractBeanFactory.java:202)
	at org.springframework.beans.factory.support.DefaultListableBeanFactory.instantiateSingleton(DefaultListableBeanFactory.java:1221)
	at org.springframework.beans.factory.support.DefaultListableBeanFactory.preInstantiateSingleton(DefaultListableBeanFactory.java:1187)
	at org.springframework.beans.factory.support.DefaultListableBeanFactory.preInstantiateSingletons(DefaultListableBeanFactory.java:1122)
	at org.springframework.context.support.AbstractApplicationContext.finishBeanFactoryInitialization(AbstractApplicationContext.java:987)
	at org.springframework.context.support.AbstractApplicationContext.refresh(AbstractApplicationContext.java:627)
	at org.springframework.boot.web.servlet.context.ServletWebServerApplicationContext.refresh(ServletWebServerApplicationContext.java:146)
	at org.springframework.boot.SpringApplication.refresh(SpringApplication.java:753)
	at org.springframework.boot.SpringApplication.refreshContext(SpringApplication.java:439)
	at org.springframework.boot.SpringApplication.run(SpringApplication.java:318)
	at org.springframework.boot.SpringApplication.run(SpringApplication.java:1362)
	at org.springframework.boot.SpringApplication.run(SpringApplication.java:1351)
	at com.goormplay.adadminservice.AdAdminServiceApplication.main(AdAdminServiceApplication.java:10)
	at java.base/jdk.internal.reflect.NativeMethodAccessorImpl.invoke0(Native Method)
	at java.base/jdk.internal.reflect.NativeMethodAccessorImpl.invoke(NativeMethodAccessorImpl.java:77)
	at java.base/jdk.internal.reflect.DelegatingMethodAccessorImpl.invoke(DelegatingMethodAccessorImpl.java:43)
	at java.base/java.lang.reflect.Method.invoke(Method.java:569)
	at org.springframework.boot.devtools.restart.RestartLauncher.run(RestartLauncher.java:50)
Caused by: org.springframework.beans.BeanInstantiationException: Failed to instantiate [org.springframework.boot.http.client.ClientHttpRequestFactoryBuilder]: Factory method 'clientHttpRequestFactoryBuilder' threw exception with message: org/apache/hc/client5/http/ssl/TlsSocketStrategy
	at org.springframework.beans.factory.support.SimpleInstantiationStrategy.lambda$instantiate$0(SimpleInstantiationStrategy.java:199)
	at org.springframework.beans.factory.support.SimpleInstantiationStrategy.instantiateWithFactoryMethod(SimpleInstantiationStrategy.java:88)
	at org.springframework.beans.factory.support.SimpleInstantiationStrategy.instantiate(SimpleInstantiationStrategy.java:168)
	at org.springframework.beans.factory.support.ConstructorResolver.instantiate(ConstructorResolver.java:653)
	... 26 common frames omitted
Caused by: java.lang.NoClassDefFoundError: org/apache/hc/client5/http/ssl/TlsSocketStrategy
	at org.springframework.boot.http.client.ClientHttpRequestFactoryBuilder.httpComponents(ClientHttpRequestFactoryBuilder.java:97)
	at org.springframework.boot.http.client.ClientHttpRequestFactoryBuilder.detect(ClientHttpRequestFactoryBuilder.java:200)
	at org.springframework.boot.autoconfigure.http.client.HttpClientAutoConfiguration.clientHttpRequestFactoryBuilder(HttpClientAutoConfiguration.java:53)
	at java.base/jdk.internal.reflect.NativeMethodAccessorImpl.invoke0(Native Method)
	at java.base/jdk.internal.reflect.NativeMethodAccessorImpl.invoke(NativeMethodAccessorImpl.java:77)
	at java.base/jdk.internal.reflect.DelegatingMethodAccessorImpl.invoke(DelegatingMethodAccessorImpl.java:43)
	at java.base/java.lang.reflect.Method.invoke(Method.java:569)
	at org.springframework.beans.factory.support.SimpleInstantiationStrategy.lambda$instantiate$0(SimpleInstantiationStrategy.java:171)
	... 29 common frames omitted
Caused by: java.lang.ClassNotFoundException: org.apache.hc.client5.http.ssl.TlsSocketStrategy
	at java.base/jdk.internal.loader.BuiltinClassLoader.loadClass(BuiltinClassLoader.java:641)
	at java.base/jdk.internal.loader.ClassLoaders$AppClassLoader.loadClass(ClassLoaders.java:188)
	at java.base/java.lang.ClassLoader.loadClass(ClassLoader.java:525)
	... 37 common frames omitted
2025-05-20 13:39:28.112 - HV000001: Hibernate Validator 8.0.2.Final
2025-05-20 13:39:28.142 - Starting AdAdminServiceApplication v0.0.1-SNAPSHOT using Java 17.0.15 with PID 84106 (/Users/master/Documents/project/GoormPlay/ad-admin-service/build/libs/ad-admin-service-0.0.1-SNAPSHOT.jar started by master in /Users/master/Documents/project/GoormPlay)
2025-05-20 13:39:28.142 - No active profile set, falling back to 1 default profile: "default"
2025-05-20 13:39:28.506 - Multiple Spring Data modules found, entering strict repository configuration mode
2025-05-20 13:39:28.507 - Bootstrapping Spring Data JPA repositories in DEFAULT mode.
2025-05-20 13:39:28.524 - Spring Data JPA - Could not safely identify store assignment for repository candidate interface com.goormplay.adadminservice.repository.AdMetaGroupRepository; If you want this repository to be a JPA repository, consider annotating your entities with one of these annotations: jakarta.persistence.Entity, jakarta.persistence.MappedSuperclass (preferred), or consider extending one of the following types with your repository: org.springframework.data.jpa.repository.JpaRepository
2025-05-20 13:39:28.586 - Finished Spring Data repository scanning in 76 ms. Found 2 JPA repository interfaces.
2025-05-20 13:39:28.598 - Multiple Spring Data modules found, entering strict repository configuration mode
2025-05-20 13:39:28.598 - Bootstrapping Spring Data MongoDB repositories in DEFAULT mode.
2025-05-20 13:39:28.600 - Spring Data MongoDB - Could not safely identify store assignment for repository candidate interface com.goormplay.adadminservice.repository.AdTransactionLogRepository; If you want this repository to be a MongoDB repository, consider annotating your entities with one of these annotations: org.springframework.data.mongodb.core.mapping.Document (preferred), or consider extending one of the following types with your repository: org.springframework.data.mongodb.repository.MongoRepository
2025-05-20 13:39:28.600 - Spring Data MongoDB - Could not safely identify store assignment for repository candidate interface com.goormplay.adadminservice.repository.AdvertiserAccountRepository; If you want this repository to be a MongoDB repository, consider annotating your entities with one of these annotations: org.springframework.data.mongodb.core.mapping.Document (preferred), or consider extending one of the following types with your repository: org.springframework.data.mongodb.repository.MongoRepository
2025-05-20 13:39:28.601 - Finished Spring Data repository scanning in 2 ms. Found 1 MongoDB repository interface.
2025-05-20 13:39:28.723 - BeanFactory id=0e5825ec-28de-3059-967c-bfadd0132b0a
2025-05-20 13:39:28.900 - Tomcat initialized with port 8089 (http)
2025-05-20 13:39:28.905 - Initializing ProtocolHandler ["http-nio-8089"]
2025-05-20 13:39:28.906 - Starting service [Tomcat]
2025-05-20 13:39:28.906 - Starting Servlet engine: [Apache Tomcat/10.1.40]
2025-05-20 13:39:28.920 - Initializing Spring embedded WebApplicationContext
2025-05-20 13:39:28.921 - Root WebApplicationContext: initialization completed in 760 ms
2025-05-20 13:39:28.997 - HHH000204: Processing PersistenceUnitInfo [name: default]
2025-05-20 13:39:29.022 - HHH000412: Hibernate ORM core version 6.6.13.Final
2025-05-20 13:39:29.038 - HHH000026: Second-level cache disabled
2025-05-20 13:39:29.167 - No LoadTimeWeaver setup: ignoring JPA class transformer
2025-05-20 13:39:29.181 - HikariPool-1 - Starting...
2025-05-20 13:39:29.313 - HikariPool-1 - Added connection com.mysql.cj.jdbc.ConnectionImpl@57e57dc5
2025-05-20 13:39:29.315 - HikariPool-1 - Start completed.
2025-05-20 13:39:29.339 - HHH90000025: MySQL8Dialect does not need to be specified explicitly using 'hibernate.dialect' (remove the property setting and it will be selected by default)
2025-05-20 13:39:29.339 - HHH90000026: MySQL8Dialect has been deprecated; use org.hibernate.dialect.MySQLDialect instead
2025-05-20 13:39:29.348 - HHH10001005: Database info:
	Database JDBC URL [Connecting through datasource 'HikariDataSource (HikariPool-1)']
	Database driver: undefined/unknown
	Database version: 8.0
	Autocommit mode: undefined/unknown
	Isolation level: undefined/unknown
	Minimum pool size: undefined/unknown
	Maximum pool size: undefined/unknown
2025-05-20 13:39:29.712 - HHH000489: No JTA platform available (set 'hibernate.transaction.jta.platform' to enable JTA platform integration)
2025-05-20 13:39:29.739 - Initialized JPA EntityManagerFactory for persistence unit 'default'
2025-05-20 13:39:29.743 - Loaded SERVICE_NAME: null
2025-05-20 13:39:29.743 - Loaded MONGODB_URI: mongodb+srv://user:goorm0508@goorm-mongodb.svz66jf.mongodb.net/?retryWrites=true&w=majority&appName=goorm-mongoDB
2025-05-20 13:39:29.743 - Loaded MONGODB_DATABASE: content-db
2025-05-20 13:39:29.943 - Default advertiser account already exists: ADV_001
2025-05-20 13:39:30.035 - Adding discovered server ac-ij0xaje-shard-00-02.svz66jf.mongodb.net:27017 to client view of cluster
2025-05-20 13:39:30.041 - MongoClient with metadata {"application": {"name": "goorm-mongoDB"}, "driver": {"name": "mongo-java-driver|sync", "version": "5.2.1"}, "os": {"type": "Darwin", "name": "Mac OS X", "architecture": "aarch64", "version": "14.6.1"}, "platform": "Java/Homebrew/17.0.15+0"} created with settings MongoClientSettings{readPreference=primary, writeConcern=WriteConcern{w=majority, wTimeout=null ms, journal=null}, retryWrites=true, retryReads=true, readConcern=ReadConcern{level=null}, credential=MongoCredential{mechanism=null, userName='user', source='admin', password=<hidden>, mechanismProperties=<hidden>}, transportSettings=null, commandListeners=[], codecRegistry=ProvidersCodecRegistry{codecProviders=[ValueCodecProvider{}, BsonValueCodecProvider{}, DBRefCodecProvider{}, DBObjectCodecProvider{}, DocumentCodecProvider{}, CollectionCodecProvider{}, IterableCodecProvider{}, MapCodecProvider{}, GeoJsonCodecProvider{}, GridFSFileCodecProvider{}, Jsr310CodecProvider{}, JsonObjectCodecProvider{}, BsonCodecProvider{}, EnumCodecProvider{}, com.mongodb.client.model.mql.ExpressionCodecProvider@24c94e95, com.mongodb.Jep395RecordCodecProvider@d8f65a1, com.mongodb.KotlinCodecProvider@5014ccf9]}, loggerSettings=LoggerSettings{maxDocumentLength=1000}, clusterSettings={hosts=[127.0.0.1:27017], srvHost=goorm-mongodb.svz66jf.mongodb.net, srvServiceName=mongodb, mode=MULTIPLE, requiredClusterType=REPLICA_SET, requiredReplicaSetName='atlas-9omk4u-shard-0', serverSelector='null', clusterListeners='[]', serverSelectionTimeout='30000 ms', localThreshold='15 ms'}, socketSettings=SocketSettings{connectTimeoutMS=10000, readTimeoutMS=0, receiveBufferSize=0, proxySettings=ProxySettings{host=null, port=null, username=null, password=null}}, heartbeatSocketSettings=SocketSettings{connectTimeoutMS=10000, readTimeoutMS=10000, receiveBufferSize=0, proxySettings=ProxySettings{host=null, port=null, username=null, password=null}}, connectionPoolSettings=ConnectionPoolSettings{maxSize=100, minSize=0, maxWaitTimeMS=120000, maxConnectionLifeTimeMS=0, maxConnectionIdleTimeMS=0, maintenanceInitialDelayMS=0, maintenanceFrequencyMS=60000, connectionPoolListeners=[], maxConnecting=2}, serverSettings=ServerSettings{heartbeatFrequencyMS=10000, minHeartbeatFrequencyMS=500, serverMonitoringMode=AUTO, serverListeners='[]', serverMonitorListeners='[]'}, sslSettings=SslSettings{enabled=true, invalidHostNameAllowed=false, context=null}, applicationName='goorm-mongoDB', compressorList=[], uuidRepresentation=UNSPECIFIED, serverApi=ServerApi{version=V1, deprecationErrors=null, strict=null}, autoEncryptionSettings=null, dnsClient=null, inetAddressResolver=null, contextProvider=null, timeoutMS=null}
2025-05-20 13:39:30.049 - Adding discovered server ac-ij0xaje-shard-00-00.svz66jf.mongodb.net:27017 to client view of cluster
2025-05-20 13:39:30.050 - Adding discovered server ac-ij0xaje-shard-00-01.svz66jf.mongodb.net:27017 to client view of cluster
2025-05-20 13:39:30.165 - Monitor thread successfully connected to server with description ServerDescription{address=ac-ij0xaje-shard-00-01.svz66jf.mongodb.net:27017, type=REPLICA_SET_SECONDARY, cryptd=false, state=CONNECTED, ok=true, minWireVersion=0, maxWireVersion=25, maxDocumentSize=16777216, logicalSessionTimeoutMinutes=30, roundTripTimeNanos=81043625, minRoundTripTimeNanos=0, setName='atlas-9omk4u-shard-0', canonicalAddress=ac-ij0xaje-shard-00-01.svz66jf.mongodb.net:27017, hosts=[ac-ij0xaje-shard-00-00.svz66jf.mongodb.net:27017, ac-ij0xaje-shard-00-01.svz66jf.mongodb.net:27017, ac-ij0xaje-shard-00-02.svz66jf.mongodb.net:27017], passives=[], arbiters=[], primary='ac-ij0xaje-shard-00-02.svz66jf.mongodb.net:27017', tagSet=TagSet{[Tag{name='availabilityZone', value='apne2-az3'}, Tag{name='diskState', value='READY'}, Tag{name='nodeType', value='ELECTABLE'}, Tag{name='provider', value='AWS'}, Tag{name='region', value='AP_NORTHEAST_2'}, Tag{name='workloadType', value='OPERATIONAL'}]}, electionId=null, setVersion=1, topologyVersion=TopologyVersion{processId=682b43426320913b958841a4, counter=3}, lastWriteDate=Tue May 20 13:39:29 KST 2025, lastUpdateTimeNanos=626368958219416}
2025-05-20 13:39:30.165 - Monitor thread successfully connected to server with description ServerDescription{address=ac-ij0xaje-shard-00-00.svz66jf.mongodb.net:27017, type=REPLICA_SET_SECONDARY, cryptd=false, state=CONNECTED, ok=true, minWireVersion=0, maxWireVersion=25, maxDocumentSize=16777216, logicalSessionTimeoutMinutes=30, roundTripTimeNanos=73373666, minRoundTripTimeNanos=0, setName='atlas-9omk4u-shard-0', canonicalAddress=ac-ij0xaje-shard-00-00.svz66jf.mongodb.net:27017, hosts=[ac-ij0xaje-shard-00-00.svz66jf.mongodb.net:27017, ac-ij0xaje-shard-00-01.svz66jf.mongodb.net:27017, ac-ij0xaje-shard-00-02.svz66jf.mongodb.net:27017], passives=[], arbiters=[], primary='ac-ij0xaje-shard-00-02.svz66jf.mongodb.net:27017', tagSet=TagSet{[Tag{name='availabilityZone', value='apne2-az1'}, Tag{name='diskState', value='READY'}, Tag{name='nodeType', value='ELECTABLE'}, Tag{name='provider', value='AWS'}, Tag{name='region', value='AP_NORTHEAST_2'}, Tag{name='workloadType', value='OPERATIONAL'}]}, electionId=null, setVersion=1, topologyVersion=TopologyVersion{processId=682b3d55c6d06823b61ad526, counter=4}, lastWriteDate=Tue May 20 13:39:29 KST 2025, lastUpdateTimeNanos=626368958226208}
2025-05-20 13:39:30.165 - Monitor thread successfully connected to server with description ServerDescription{address=ac-ij0xaje-shard-00-02.svz66jf.mongodb.net:27017, type=REPLICA_SET_PRIMARY, cryptd=false, state=CONNECTED, ok=true, minWireVersion=0, maxWireVersion=25, maxDocumentSize=16777216, logicalSessionTimeoutMinutes=30, roundTripTimeNanos=79261166, minRoundTripTimeNanos=0, setName='atlas-9omk4u-shard-0', canonicalAddress=ac-ij0xaje-shard-00-02.svz66jf.mongodb.net:27017, hosts=[ac-ij0xaje-shard-00-00.svz66jf.mongodb.net:27017, ac-ij0xaje-shard-00-01.svz66jf.mongodb.net:27017, ac-ij0xaje-shard-00-02.svz66jf.mongodb.net:27017], passives=[], arbiters=[], primary='ac-ij0xaje-shard-00-02.svz66jf.mongodb.net:27017', tagSet=TagSet{[Tag{name='availabilityZone', value='apne2-az2'}, Tag{name='diskState', value='READY'}, Tag{name='nodeType', value='ELECTABLE'}, Tag{name='provider', value='AWS'}, Tag{name='region', value='AP_NORTHEAST_2'}, Tag{name='workloadType', value='OPERATIONAL'}]}, electionId=7fffffff0000000000000020, setVersion=1, topologyVersion=TopologyVersion{processId=682b406eaec8b2058fac790f, counter=6}, lastWriteDate=Tue May 20 13:39:29 KST 2025, lastUpdateTimeNanos=626368958226208}
2025-05-20 13:39:30.168 - Discovered replica set primary ac-ij0xaje-shard-00-02.svz66jf.mongodb.net:27017 with max election id 7fffffff0000000000000020 and max set version 1
2025-05-20 13:39:30.194 - spring.jpa.open-in-view is enabled by default. Therefore, database queries may be performed during view rendering. Explicitly configure spring.jpa.open-in-view to disable this warning
2025-05-20 13:39:30.209 - 

Using generated security password: 837f5843-437b-452c-9e15-23806d4ecce4

This generated password is for development use only. Your security configuration must be updated before running your application in production.

2025-05-20 13:39:30.216 - Global AuthenticationManager configured with UserDetailsService bean with name inMemoryUserDetailsManager
2025-05-20 13:39:30.441 - Exception encountered during context initialization - cancelling refresh attempt: org.springframework.beans.factory.BeanCreationException: Error creating bean with name 'clientHttpRequestFactoryBuilder' defined in class path resource [org/springframework/boot/autoconfigure/http/client/HttpClientAutoConfiguration.class]: Failed to instantiate [org.springframework.boot.http.client.ClientHttpRequestFactoryBuilder]: Factory method 'clientHttpRequestFactoryBuilder' threw exception with message: org/apache/hc/client5/http/ssl/TlsSocketStrategy
2025-05-20 13:39:30.444 - Closing JPA EntityManagerFactory for persistence unit 'default'
2025-05-20 13:39:30.445 - HikariPool-1 - Shutdown initiated...
2025-05-20 13:39:30.448 - HikariPool-1 - Shutdown completed.
2025-05-20 13:39:30.448 - Stopping service [Tomcat]
2025-05-20 13:39:30.460 - 

Error starting ApplicationContext. To display the condition evaluation report re-run your application with 'debug' enabled.
2025-05-20 13:39:30.468 - Application run failed
org.springframework.beans.factory.BeanCreationException: Error creating bean with name 'clientHttpRequestFactoryBuilder' defined in class path resource [org/springframework/boot/autoconfigure/http/client/HttpClientAutoConfiguration.class]: Failed to instantiate [org.springframework.boot.http.client.ClientHttpRequestFactoryBuilder]: Factory method 'clientHttpRequestFactoryBuilder' threw exception with message: org/apache/hc/client5/http/ssl/TlsSocketStrategy
	at org.springframework.beans.factory.support.ConstructorResolver.instantiate(ConstructorResolver.java:657)
	at org.springframework.beans.factory.support.ConstructorResolver.instantiateUsingFactoryMethod(ConstructorResolver.java:645)
	at org.springframework.beans.factory.support.AbstractAutowireCapableBeanFactory.instantiateUsingFactoryMethod(AbstractAutowireCapableBeanFactory.java:1367)
	at org.springframework.beans.factory.support.AbstractAutowireCapableBeanFactory.createBeanInstance(AbstractAutowireCapableBeanFactory.java:1197)
	at org.springframework.beans.factory.support.AbstractAutowireCapableBeanFactory.doCreateBean(AbstractAutowireCapableBeanFactory.java:569)
	at org.springframework.beans.factory.support.AbstractAutowireCapableBeanFactory.createBean(AbstractAutowireCapableBeanFactory.java:529)
	at org.springframework.beans.factory.support.AbstractBeanFactory.lambda$doGetBean$0(AbstractBeanFactory.java:339)
	at org.springframework.beans.factory.support.DefaultSingletonBeanRegistry.getSingleton(DefaultSingletonBeanRegistry.java:371)
	at org.springframework.beans.factory.support.AbstractBeanFactory.doGetBean(AbstractBeanFactory.java:337)
	at org.springframework.beans.factory.support.AbstractBeanFactory.getBean(AbstractBeanFactory.java:202)
	at org.springframework.beans.factory.support.DefaultListableBeanFactory.instantiateSingleton(DefaultListableBeanFactory.java:1221)
	at org.springframework.beans.factory.support.DefaultListableBeanFactory.preInstantiateSingleton(DefaultListableBeanFactory.java:1187)
	at org.springframework.beans.factory.support.DefaultListableBeanFactory.preInstantiateSingletons(DefaultListableBeanFactory.java:1122)
	at org.springframework.context.support.AbstractApplicationContext.finishBeanFactoryInitialization(AbstractApplicationContext.java:987)
	at org.springframework.context.support.AbstractApplicationContext.refresh(AbstractApplicationContext.java:627)
	at org.springframework.boot.web.servlet.context.ServletWebServerApplicationContext.refresh(ServletWebServerApplicationContext.java:146)
	at org.springframework.boot.SpringApplication.refresh(SpringApplication.java:753)
	at org.springframework.boot.SpringApplication.refreshContext(SpringApplication.java:439)
	at org.springframework.boot.SpringApplication.run(SpringApplication.java:318)
	at org.springframework.boot.SpringApplication.run(SpringApplication.java:1362)
	at org.springframework.boot.SpringApplication.run(SpringApplication.java:1351)
	at com.goormplay.adadminservice.AdAdminServiceApplication.main(AdAdminServiceApplication.java:10)
	at java.base/jdk.internal.reflect.NativeMethodAccessorImpl.invoke0(Native Method)
	at java.base/jdk.internal.reflect.NativeMethodAccessorImpl.invoke(NativeMethodAccessorImpl.java:77)
	at java.base/jdk.internal.reflect.DelegatingMethodAccessorImpl.invoke(DelegatingMethodAccessorImpl.java:43)
	at java.base/java.lang.reflect.Method.invoke(Method.java:569)
	at org.springframework.boot.loader.launch.Launcher.launch(Launcher.java:102)
	at org.springframework.boot.loader.launch.Launcher.launch(Launcher.java:64)
	at org.springframework.boot.loader.launch.JarLauncher.main(JarLauncher.java:40)
Caused by: org.springframework.beans.BeanInstantiationException: Failed to instantiate [org.springframework.boot.http.client.ClientHttpRequestFactoryBuilder]: Factory method 'clientHttpRequestFactoryBuilder' threw exception with message: org/apache/hc/client5/http/ssl/TlsSocketStrategy
	at org.springframework.beans.factory.support.SimpleInstantiationStrategy.lambda$instantiate$0(SimpleInstantiationStrategy.java:199)
	at org.springframework.beans.factory.support.SimpleInstantiationStrategy.instantiateWithFactoryMethod(SimpleInstantiationStrategy.java:88)
	at org.springframework.beans.factory.support.SimpleInstantiationStrategy.instantiate(SimpleInstantiationStrategy.java:168)
	at org.springframework.beans.factory.support.ConstructorResolver.instantiate(ConstructorResolver.java:653)
	... 28 common frames omitted
Caused by: java.lang.NoClassDefFoundError: org/apache/hc/client5/http/ssl/TlsSocketStrategy
	at org.springframework.boot.http.client.ClientHttpRequestFactoryBuilder.httpComponents(ClientHttpRequestFactoryBuilder.java:97)
	at org.springframework.boot.http.client.ClientHttpRequestFactoryBuilder.detect(ClientHttpRequestFactoryBuilder.java:200)
	at org.springframework.boot.autoconfigure.http.client.HttpClientAutoConfiguration.clientHttpRequestFactoryBuilder(HttpClientAutoConfiguration.java:53)
	at java.base/jdk.internal.reflect.NativeMethodAccessorImpl.invoke0(Native Method)
	at java.base/jdk.internal.reflect.NativeMethodAccessorImpl.invoke(NativeMethodAccessorImpl.java:77)
	at java.base/jdk.internal.reflect.DelegatingMethodAccessorImpl.invoke(DelegatingMethodAccessorImpl.java:43)
	at java.base/java.lang.reflect.Method.invoke(Method.java:569)
	at org.springframework.beans.factory.support.SimpleInstantiationStrategy.lambda$instantiate$0(SimpleInstantiationStrategy.java:171)
	... 31 common frames omitted
Caused by: java.lang.ClassNotFoundException: org.apache.hc.client5.http.ssl.TlsSocketStrategy
	at java.base/java.net.URLClassLoader.findClass(URLClassLoader.java:445)
	at java.base/java.lang.ClassLoader.loadClass(ClassLoader.java:592)
	at org.springframework.boot.loader.net.protocol.jar.JarUrlClassLoader.loadClass(JarUrlClassLoader.java:107)
	at org.springframework.boot.loader.launch.LaunchedClassLoader.loadClass(LaunchedClassLoader.java:91)
	at java.base/java.lang.ClassLoader.loadClass(ClassLoader.java:525)
	... 39 common frames omitted
2025-05-20 13:55:58.463 - HV000001: Hibernate Validator 8.0.2.Final
2025-05-20 13:55:58.494 - Starting AdAdminServiceApplication v0.0.1-SNAPSHOT using Java 17.0.15 with PID 86671 (/Users/master/Documents/project/GoormPlay/ad-admin-service/build/libs/ad-admin-service-0.0.1-SNAPSHOT.jar started by master in /Users/master/Documents/project/GoormPlay)
2025-05-20 13:55:58.494 - No active profile set, falling back to 1 default profile: "default"
2025-05-20 13:55:58.897 - Multiple Spring Data modules found, entering strict repository configuration mode
2025-05-20 13:55:58.898 - Bootstrapping Spring Data JPA repositories in DEFAULT mode.
2025-05-20 13:55:58.914 - Spring Data JPA - Could not safely identify store assignment for repository candidate interface com.goormplay.adadminservice.repository.AdMetaGroupRepository; If you want this repository to be a JPA repository, consider annotating your entities with one of these annotations: jakarta.persistence.Entity, jakarta.persistence.MappedSuperclass (preferred), or consider extending one of the following types with your repository: org.springframework.data.jpa.repository.JpaRepository
2025-05-20 13:55:58.979 - Finished Spring Data repository scanning in 76 ms. Found 2 JPA repository interfaces.
2025-05-20 13:55:58.992 - Multiple Spring Data modules found, entering strict repository configuration mode
2025-05-20 13:55:58.992 - Bootstrapping Spring Data MongoDB repositories in DEFAULT mode.
2025-05-20 13:55:58.995 - Spring Data MongoDB - Could not safely identify store assignment for repository candidate interface com.goormplay.adadminservice.repository.AdTransactionLogRepository; If you want this repository to be a MongoDB repository, consider annotating your entities with one of these annotations: org.springframework.data.mongodb.core.mapping.Document (preferred), or consider extending one of the following types with your repository: org.springframework.data.mongodb.repository.MongoRepository
2025-05-20 13:55:58.995 - Spring Data MongoDB - Could not safely identify store assignment for repository candidate interface com.goormplay.adadminservice.repository.AdvertiserAccountRepository; If you want this repository to be a MongoDB repository, consider annotating your entities with one of these annotations: org.springframework.data.mongodb.core.mapping.Document (preferred), or consider extending one of the following types with your repository: org.springframework.data.mongodb.repository.MongoRepository
2025-05-20 13:55:58.996 - Finished Spring Data repository scanning in 2 ms. Found 1 MongoDB repository interface.
2025-05-20 13:55:59.124 - BeanFactory id=0e5825ec-28de-3059-967c-bfadd0132b0a
2025-05-20 13:55:59.305 - Tomcat initialized with port 8089 (http)
2025-05-20 13:55:59.311 - Initializing ProtocolHandler ["http-nio-8089"]
2025-05-20 13:55:59.311 - Starting service [Tomcat]
2025-05-20 13:55:59.311 - Starting Servlet engine: [Apache Tomcat/10.1.40]
2025-05-20 13:55:59.326 - Initializing Spring embedded WebApplicationContext
2025-05-20 13:55:59.326 - Root WebApplicationContext: initialization completed in 810 ms
2025-05-20 13:55:59.405 - HHH000204: Processing PersistenceUnitInfo [name: default]
2025-05-20 13:55:59.438 - HHH000412: Hibernate ORM core version 6.6.13.Final
2025-05-20 13:55:59.454 - HHH000026: Second-level cache disabled
2025-05-20 13:55:59.595 - No LoadTimeWeaver setup: ignoring JPA class transformer
2025-05-20 13:55:59.611 - HikariPool-1 - Starting...
2025-05-20 13:55:59.744 - HikariPool-1 - Added connection com.mysql.cj.jdbc.ConnectionImpl@637506d8
2025-05-20 13:55:59.745 - HikariPool-1 - Start completed.
2025-05-20 13:55:59.779 - HHH90000025: MySQL8Dialect does not need to be specified explicitly using 'hibernate.dialect' (remove the property setting and it will be selected by default)
2025-05-20 13:55:59.780 - HHH90000026: MySQL8Dialect has been deprecated; use org.hibernate.dialect.MySQLDialect instead
2025-05-20 13:55:59.790 - HHH10001005: Database info:
	Database JDBC URL [Connecting through datasource 'HikariDataSource (HikariPool-1)']
	Database driver: undefined/unknown
	Database version: 8.0
	Autocommit mode: undefined/unknown
	Isolation level: undefined/unknown
	Minimum pool size: undefined/unknown
	Maximum pool size: undefined/unknown
2025-05-20 13:56:00.167 - HHH000489: No JTA platform available (set 'hibernate.transaction.jta.platform' to enable JTA platform integration)
2025-05-20 13:56:00.194 - Initialized JPA EntityManagerFactory for persistence unit 'default'
2025-05-20 13:56:00.198 - Loaded SERVICE_NAME: null
2025-05-20 13:56:00.198 - Loaded MONGODB_URI: mongodb+srv://user:goorm0508@goorm-mongodb.svz66jf.mongodb.net/?retryWrites=true&w=majority&appName=goorm-mongoDB
2025-05-20 13:56:00.198 - Loaded MONGODB_DATABASE: content-db
2025-05-20 13:56:00.401 - Default advertiser account already exists: ADV_001
2025-05-20 13:56:00.485 - Adding discovered server ac-ij0xaje-shard-00-02.svz66jf.mongodb.net:27017 to client view of cluster
2025-05-20 13:56:00.488 - MongoClient with metadata {"application": {"name": "goorm-mongoDB"}, "driver": {"name": "mongo-java-driver|sync", "version": "5.2.1"}, "os": {"type": "Darwin", "name": "Mac OS X", "architecture": "aarch64", "version": "14.6.1"}, "platform": "Java/Homebrew/17.0.15+0"} created with settings MongoClientSettings{readPreference=primary, writeConcern=WriteConcern{w=majority, wTimeout=null ms, journal=null}, retryWrites=true, retryReads=true, readConcern=ReadConcern{level=null}, credential=MongoCredential{mechanism=null, userName='user', source='admin', password=<hidden>, mechanismProperties=<hidden>}, transportSettings=null, commandListeners=[], codecRegistry=ProvidersCodecRegistry{codecProviders=[ValueCodecProvider{}, BsonValueCodecProvider{}, DBRefCodecProvider{}, DBObjectCodecProvider{}, DocumentCodecProvider{}, CollectionCodecProvider{}, IterableCodecProvider{}, MapCodecProvider{}, GeoJsonCodecProvider{}, GridFSFileCodecProvider{}, Jsr310CodecProvider{}, JsonObjectCodecProvider{}, BsonCodecProvider{}, EnumCodecProvider{}, com.mongodb.client.model.mql.ExpressionCodecProvider@20ed6de, com.mongodb.Jep395RecordCodecProvider@6ea0dfaa, com.mongodb.KotlinCodecProvider@5852605c]}, loggerSettings=LoggerSettings{maxDocumentLength=1000}, clusterSettings={hosts=[127.0.0.1:27017], srvHost=goorm-mongodb.svz66jf.mongodb.net, srvServiceName=mongodb, mode=MULTIPLE, requiredClusterType=REPLICA_SET, requiredReplicaSetName='atlas-9omk4u-shard-0', serverSelector='null', clusterListeners='[]', serverSelectionTimeout='30000 ms', localThreshold='15 ms'}, socketSettings=SocketSettings{connectTimeoutMS=10000, readTimeoutMS=0, receiveBufferSize=0, proxySettings=ProxySettings{host=null, port=null, username=null, password=null}}, heartbeatSocketSettings=SocketSettings{connectTimeoutMS=10000, readTimeoutMS=10000, receiveBufferSize=0, proxySettings=ProxySettings{host=null, port=null, username=null, password=null}}, connectionPoolSettings=ConnectionPoolSettings{maxSize=100, minSize=0, maxWaitTimeMS=120000, maxConnectionLifeTimeMS=0, maxConnectionIdleTimeMS=0, maintenanceInitialDelayMS=0, maintenanceFrequencyMS=60000, connectionPoolListeners=[], maxConnecting=2}, serverSettings=ServerSettings{heartbeatFrequencyMS=10000, minHeartbeatFrequencyMS=500, serverMonitoringMode=AUTO, serverListeners='[]', serverMonitorListeners='[]'}, sslSettings=SslSettings{enabled=true, invalidHostNameAllowed=false, context=null}, applicationName='goorm-mongoDB', compressorList=[], uuidRepresentation=UNSPECIFIED, serverApi=ServerApi{version=V1, deprecationErrors=null, strict=null}, autoEncryptionSettings=null, dnsClient=null, inetAddressResolver=null, contextProvider=null, timeoutMS=null}
2025-05-20 13:56:00.503 - Adding discovered server ac-ij0xaje-shard-00-00.svz66jf.mongodb.net:27017 to client view of cluster
2025-05-20 13:56:00.505 - Adding discovered server ac-ij0xaje-shard-00-01.svz66jf.mongodb.net:27017 to client view of cluster
2025-05-20 13:56:00.627 - Monitor thread successfully connected to server with description ServerDescription{address=ac-ij0xaje-shard-00-02.svz66jf.mongodb.net:27017, type=REPLICA_SET_PRIMARY, cryptd=false, state=CONNECTED, ok=true, minWireVersion=0, maxWireVersion=25, maxDocumentSize=16777216, logicalSessionTimeoutMinutes=30, roundTripTimeNanos=85661333, minRoundTripTimeNanos=0, setName='atlas-9omk4u-shard-0', canonicalAddress=ac-ij0xaje-shard-00-02.svz66jf.mongodb.net:27017, hosts=[ac-ij0xaje-shard-00-00.svz66jf.mongodb.net:27017, ac-ij0xaje-shard-00-01.svz66jf.mongodb.net:27017, ac-ij0xaje-shard-00-02.svz66jf.mongodb.net:27017], passives=[], arbiters=[], primary='ac-ij0xaje-shard-00-02.svz66jf.mongodb.net:27017', tagSet=TagSet{[Tag{name='availabilityZone', value='apne2-az2'}, Tag{name='diskState', value='READY'}, Tag{name='nodeType', value='ELECTABLE'}, Tag{name='provider', value='AWS'}, Tag{name='region', value='AP_NORTHEAST_2'}, Tag{name='workloadType', value='OPERATIONAL'}]}, electionId=7fffffff0000000000000020, setVersion=1, topologyVersion=TopologyVersion{processId=682b406eaec8b2058fac790f, counter=6}, lastWriteDate=Tue May 20 13:56:00 KST 2025, lastUpdateTimeNanos=627131201430416}
2025-05-20 13:56:00.627 - Monitor thread successfully connected to server with description ServerDescription{address=ac-ij0xaje-shard-00-01.svz66jf.mongodb.net:27017, type=REPLICA_SET_SECONDARY, cryptd=false, state=CONNECTED, ok=true, minWireVersion=0, maxWireVersion=25, maxDocumentSize=16777216, logicalSessionTimeoutMinutes=30, roundTripTimeNanos=87857833, minRoundTripTimeNanos=0, setName='atlas-9omk4u-shard-0', canonicalAddress=ac-ij0xaje-shard-00-01.svz66jf.mongodb.net:27017, hosts=[ac-ij0xaje-shard-00-00.svz66jf.mongodb.net:27017, ac-ij0xaje-shard-00-01.svz66jf.mongodb.net:27017, ac-ij0xaje-shard-00-02.svz66jf.mongodb.net:27017], passives=[], arbiters=[], primary='ac-ij0xaje-shard-00-02.svz66jf.mongodb.net:27017', tagSet=TagSet{[Tag{name='availabilityZone', value='apne2-az3'}, Tag{name='diskState', value='READY'}, Tag{name='nodeType', value='ELECTABLE'}, Tag{name='provider', value='AWS'}, Tag{name='region', value='AP_NORTHEAST_2'}, Tag{name='workloadType', value='OPERATIONAL'}]}, electionId=null, setVersion=1, topologyVersion=TopologyVersion{processId=682b43426320913b958841a4, counter=3}, lastWriteDate=Tue May 20 13:56:00 KST 2025, lastUpdateTimeNanos=627131201424000}
2025-05-20 13:56:00.627 - Monitor thread successfully connected to server with description ServerDescription{address=ac-ij0xaje-shard-00-00.svz66jf.mongodb.net:27017, type=REPLICA_SET_SECONDARY, cryptd=false, state=CONNECTED, ok=true, minWireVersion=0, maxWireVersion=25, maxDocumentSize=16777216, logicalSessionTimeoutMinutes=30, roundTripTimeNanos=87854875, minRoundTripTimeNanos=0, setName='atlas-9omk4u-shard-0', canonicalAddress=ac-ij0xaje-shard-00-00.svz66jf.mongodb.net:27017, hosts=[ac-ij0xaje-shard-00-00.svz66jf.mongodb.net:27017, ac-ij0xaje-shard-00-01.svz66jf.mongodb.net:27017, ac-ij0xaje-shard-00-02.svz66jf.mongodb.net:27017], passives=[], arbiters=[], primary='ac-ij0xaje-shard-00-02.svz66jf.mongodb.net:27017', tagSet=TagSet{[Tag{name='availabilityZone', value='apne2-az1'}, Tag{name='diskState', value='READY'}, Tag{name='nodeType', value='ELECTABLE'}, Tag{name='provider', value='AWS'}, Tag{name='region', value='AP_NORTHEAST_2'}, Tag{name='workloadType', value='OPERATIONAL'}]}, electionId=null, setVersion=1, topologyVersion=TopologyVersion{processId=682b3d55c6d06823b61ad526, counter=4}, lastWriteDate=Tue May 20 13:56:00 GMT+09:00 2025, lastUpdateTimeNanos=627131201430416}
2025-05-20 13:56:00.629 - Discovered replica set primary ac-ij0xaje-shard-00-02.svz66jf.mongodb.net:27017 with max election id 7fffffff0000000000000020 and max set version 1
2025-05-20 13:56:00.643 - spring.jpa.open-in-view is enabled by default. Therefore, database queries may be performed during view rendering. Explicitly configure spring.jpa.open-in-view to disable this warning
2025-05-20 13:56:00.658 - 

Using generated security password: bab49522-5fb8-47b3-a33a-5b76d88e4656

This generated password is for development use only. Your security configuration must be updated before running your application in production.

2025-05-20 13:56:00.665 - Global AuthenticationManager configured with UserDetailsService bean with name inMemoryUserDetailsManager
2025-05-20 13:56:00.979 - Spring Cloud LoadBalancer is currently working with the default cache. While this cache implementation is useful for development and tests, it's recommended to use Caffeine cache in production.You can switch to using Caffeine cache, by adding it and org.springframework.cache.caffeine.CaffeineCacheManager to the classpath.
2025-05-20 13:56:01.233 - Starting ProtocolHandler ["http-nio-8089"]
2025-05-20 13:56:01.240 - Tomcat started on port 8089 (http) with context path '/'
2025-05-20 13:56:01.255 - Started AdAdminServiceApplication in 3.083 seconds (process running for 3.374)
2025-05-20 13:58:15.630 - Initializing Spring DispatcherServlet 'dispatcherServlet'
2025-05-20 13:58:15.630 - Initializing Servlet 'dispatcherServlet'
2025-05-20 13:58:15.632 - Completed initialization in 2 ms
2025-05-20 13:58:15.635 - request : 요청 들어옴
2025-05-20 13:58:15.636 - request fromGateway : true
2025-05-20 13:58:15.666 - GET_ADS|GET|ADV_001|0:0:0:0:0:0:0:1|Mozilla/5.0 (Macintosh; Intel Mac OS X 10_15_7) AppleWebKit/537.36 (KHTML, like Gecko) Chrome/135.0.0.0 Safari/537.36|-
2025-05-20 13:58:49.459 - request : 요청 들어옴
2025-05-20 13:58:49.461 - request fromGateway : true
2025-05-20 13:58:49.494 - GET_ADS|GET|ADV_001|0:0:0:0:0:0:0:1|Mozilla/5.0 (Macintosh; Intel Mac OS X 10_15_7) AppleWebKit/537.36 (KHTML, like Gecko) Chrome/135.0.0.0 Safari/537.36|-
