
  .   ____          _            __ _ _
 /\\ / ___'_ __ _ _(_)_ __  __ _ \ \ \ \
( ( )\___ | '_ | '_| | '_ \/ _` | \ \ \ \
 \\/  ___)| |_)| | | | | || (_| |  ) ) ) )
  '  |____| .__|_| |_|_| |_\__, | / / / /
 =========|_|==============|___/=/_/_/_/

 :: Spring Boot ::                (v3.4.5)

2025-05-16T17:25:28.698+09:00  INFO 26895 --- [UI-service] [           main] c.g.uiservice.UiServiceApplication       : Starting UiServiceApplication v0.0.1-SNAPSHOT using Java 17.0.15 with PID 26895 (/Users/master/Documents/project/GoormPlay/UI-service/build/libs/UI-service-0.0.1-SNAPSHOT.jar started by master in /Users/master/Documents/project/GoormPlay)
2025-05-16T17:25:28.700+09:00  INFO 26895 --- [UI-service] [           main] c.g.uiservice.UiServiceApplication       : No active profile set, falling back to 1 default profile: "default"
2025-05-16T17:25:29.145+09:00  INFO 26895 --- [UI-service] [           main] .s.d.r.c.RepositoryConfigurationDelegate : Multiple Spring Data modules found, entering strict repository configuration mode
2025-05-16T17:25:29.145+09:00  INFO 26895 --- [UI-service] [           main] .s.d.r.c.RepositoryConfigurationDelegate : Bootstrapping Spring Data MongoDB repositories in DEFAULT mode.
2025-05-16T17:25:29.234+09:00  INFO 26895 --- [UI-service] [           main] .s.d.r.c.RepositoryConfigurationDelegate : Finished Spring Data repository scanning in 86 ms. Found 1 MongoDB repository interface.
2025-05-16T17:25:29.241+09:00  INFO 26895 --- [UI-service] [           main] .s.d.r.c.RepositoryConfigurationDelegate : Multiple Spring Data modules found, entering strict repository configuration mode
2025-05-16T17:25:29.242+09:00  INFO 26895 --- [UI-service] [           main] .s.d.r.c.RepositoryConfigurationDelegate : Bootstrapping Spring Data Redis repositories in DEFAULT mode.
2025-05-16T17:25:29.247+09:00  INFO 26895 --- [UI-service] [           main] .RepositoryConfigurationExtensionSupport : Spring Data Redis - Could not safely identify store assignment for repository candidate interface com.goormplay.uiservice.ui.repository.InteractionRepository; If you want this repository to be a Redis repository, consider annotating your entities with one of these annotations: org.springframework.data.redis.core.RedisHash (preferred), or consider extending one of the following types with your repository: org.springframework.data.keyvalue.repository.KeyValueRepository
2025-05-16T17:25:29.247+09:00  INFO 26895 --- [UI-service] [           main] .s.d.r.c.RepositoryConfigurationDelegate : Finished Spring Data repository scanning in 1 ms. Found 0 Redis repository interfaces.
2025-05-16T17:25:29.360+09:00  INFO 26895 --- [UI-service] [           main] o.s.cloud.context.scope.GenericScope     : BeanFactory id=9b07a509-d7c5-31d3-a2f9-fdab5a3aae1e
2025-05-16T17:25:29.515+09:00  INFO 26895 --- [UI-service] [           main] o.s.b.w.embedded.tomcat.TomcatWebServer  : Tomcat initialized with port 9002 (http)
2025-05-16T17:25:29.521+09:00  INFO 26895 --- [UI-service] [           main] o.apache.catalina.core.StandardService   : Starting service [Tomcat]
2025-05-16T17:25:29.521+09:00  INFO 26895 --- [UI-service] [           main] o.apache.catalina.core.StandardEngine    : Starting Servlet engine: [Apache Tomcat/10.1.40]
2025-05-16T17:25:29.534+09:00  INFO 26895 --- [UI-service] [           main] o.a.c.c.C.[Tomcat].[localhost].[/]       : Initializing Spring embedded WebApplicationContext
2025-05-16T17:25:29.535+09:00  INFO 26895 --- [UI-service] [           main] w.s.c.ServletWebServerApplicationContext : Root WebApplicationContext: initialization completed in 812 ms
2025-05-16T17:25:29.560+09:00 ERROR 26895 --- [UI-service] [           main] c.g.uiservice.ui.config.DotenvConfig     : .env file not found in classpath
2025-05-16T17:25:29.658+09:00  INFO 26895 --- [UI-service] [           main] org.mongodb.driver.client                : MongoClient with metadata {"application": {"name": "goorm-mongoDB"}, "driver": {"name": "mongo-java-driver|sync", "version": "5.2.1"}, "os": {"type": "Darwin", "name": "Mac OS X", "architecture": "aarch64", "version": "14.6.1"}, "platform": "Java/Homebrew/17.0.15+0"} created with settings MongoClientSettings{readPreference=primary, writeConcern=WriteConcern{w=majority, wTimeout=null ms, journal=null}, retryWrites=true, retryReads=true, readConcern=ReadConcern{level=null}, credential=MongoCredential{mechanism=null, userName='user', source='admin', password=<hidden>, mechanismProperties=<hidden>}, transportSettings=null, commandListeners=[], codecRegistry=ProvidersCodecRegistry{codecProviders=[ValueCodecProvider{}, BsonValueCodecProvider{}, DBRefCodecProvider{}, DBObjectCodecProvider{}, DocumentCodecProvider{}, CollectionCodecProvider{}, IterableCodecProvider{}, MapCodecProvider{}, GeoJsonCodecProvider{}, GridFSFileCodecProvider{}, Jsr310CodecProvider{}, JsonObjectCodecProvider{}, BsonCodecProvider{}, EnumCodecProvider{}, com.mongodb.client.model.mql.ExpressionCodecProvider@76d0ecd7, com.mongodb.Jep395RecordCodecProvider@57c69937, com.mongodb.KotlinCodecProvider@1ad1c363]}, loggerSettings=LoggerSettings{maxDocumentLength=1000}, clusterSettings={hosts=[127.0.0.1:27017], srvHost=goorm-mongodb.svz66jf.mongodb.net, srvServiceName=mongodb, mode=MULTIPLE, requiredClusterType=REPLICA_SET, requiredReplicaSetName='atlas-9omk4u-shard-0', serverSelector='null', clusterListeners='[]', serverSelectionTimeout='30000 ms', localThreshold='15 ms'}, socketSettings=SocketSettings{connectTimeoutMS=10000, readTimeoutMS=0, receiveBufferSize=0, proxySettings=ProxySettings{host=null, port=null, username=null, password=null}}, heartbeatSocketSettings=SocketSettings{connectTimeoutMS=10000, readTimeoutMS=10000, receiveBufferSize=0, proxySettings=ProxySettings{host=null, port=null, username=null, password=null}}, connectionPoolSettings=ConnectionPoolSettings{maxSize=100, minSize=0, maxWaitTimeMS=120000, maxConnectionLifeTimeMS=0, maxConnectionIdleTimeMS=0, maintenanceInitialDelayMS=0, maintenanceFrequencyMS=60000, connectionPoolListeners=[], maxConnecting=2}, serverSettings=ServerSettings{heartbeatFrequencyMS=10000, minHeartbeatFrequencyMS=500, serverMonitoringMode=AUTO, serverListeners='[]', serverMonitorListeners='[]'}, sslSettings=SslSettings{enabled=true, invalidHostNameAllowed=false, context=null}, applicationName='goorm-mongoDB', compressorList=[], uuidRepresentation=UNSPECIFIED, serverApi=ServerApi{version=V1, deprecationErrors=null, strict=null}, autoEncryptionSettings=null, dnsClient=null, inetAddressResolver=null, contextProvider=null, timeoutMS=null}
2025-05-16T17:25:29.721+09:00  INFO 26895 --- [UI-service] [6jf.mongodb.net] org.mongodb.driver.cluster               : Adding discovered server ac-ij0xaje-shard-00-02.svz66jf.mongodb.net:27017 to client view of cluster
2025-05-16T17:25:29.736+09:00  INFO 26895 --- [UI-service] [6jf.mongodb.net] org.mongodb.driver.cluster               : Adding discovered server ac-ij0xaje-shard-00-00.svz66jf.mongodb.net:27017 to client view of cluster
2025-05-16T17:25:29.738+09:00  INFO 26895 --- [UI-service] [6jf.mongodb.net] org.mongodb.driver.cluster               : Adding discovered server ac-ij0xaje-shard-00-01.svz66jf.mongodb.net:27017 to client view of cluster
2025-05-16T17:25:29.856+09:00  WARN 26895 --- [UI-service] [           main] .s.s.UserDetailsServiceAutoConfiguration : 

Using generated security password: 4d7f67e6-90d0-4d70-9924-8b538dd6abbc

This generated password is for development use only. Your security configuration must be updated before running your application in production.

2025-05-16T17:25:29.863+09:00  INFO 26895 --- [UI-service] [           main] r$InitializeUserDetailsManagerConfigurer : Global AuthenticationManager configured with UserDetailsService bean with name inMemoryUserDetailsManager
2025-05-16T17:25:29.921+09:00  INFO 26895 --- [UI-service] [ngodb.net:27017] org.mongodb.driver.cluster               : Monitor thread successfully connected to server with description ServerDescription{address=ac-ij0xaje-shard-00-01.svz66jf.mongodb.net:27017, type=REPLICA_SET_PRIMARY, cryptd=false, state=CONNECTED, ok=true, minWireVersion=0, maxWireVersion=25, maxDocumentSize=16777216, logicalSessionTimeoutMinutes=30, roundTripTimeNanos=111163250, minRoundTripTimeNanos=0, setName='atlas-9omk4u-shard-0', canonicalAddress=ac-ij0xaje-shard-00-01.svz66jf.mongodb.net:27017, hosts=[ac-ij0xaje-shard-00-00.svz66jf.mongodb.net:27017, ac-ij0xaje-shard-00-01.svz66jf.mongodb.net:27017, ac-ij0xaje-shard-00-02.svz66jf.mongodb.net:27017], passives=[], arbiters=[], primary='ac-ij0xaje-shard-00-01.svz66jf.mongodb.net:27017', tagSet=TagSet{[Tag{name='availabilityZone', value='apne2-az3'}, Tag{name='diskState', value='READY'}, Tag{name='nodeType', value='ELECTABLE'}, Tag{name='provider', value='AWS'}, Tag{name='region', value='AP_NORTHEAST_2'}, Tag{name='workloadType', value='OPERATIONAL'}]}, electionId=7fffffff000000000000001f, setVersion=1, topologyVersion=TopologyVersion{processId=681cbc0a149dc59e778994c9, counter=6}, lastWriteDate=Fri May 16 17:25:28 KST 2025, lastUpdateTimeNanos=567197729845875}
2025-05-16T17:25:29.921+09:00  INFO 26895 --- [UI-service] [ngodb.net:27017] org.mongodb.driver.cluster               : Monitor thread successfully connected to server with description ServerDescription{address=ac-ij0xaje-shard-00-00.svz66jf.mongodb.net:27017, type=REPLICA_SET_SECONDARY, cryptd=false, state=CONNECTED, ok=true, minWireVersion=0, maxWireVersion=25, maxDocumentSize=16777216, logicalSessionTimeoutMinutes=30, roundTripTimeNanos=87049875, minRoundTripTimeNanos=0, setName='atlas-9omk4u-shard-0', canonicalAddress=ac-ij0xaje-shard-00-00.svz66jf.mongodb.net:27017, hosts=[ac-ij0xaje-shard-00-00.svz66jf.mongodb.net:27017, ac-ij0xaje-shard-00-01.svz66jf.mongodb.net:27017, ac-ij0xaje-shard-00-02.svz66jf.mongodb.net:27017], passives=[], arbiters=[], primary='ac-ij0xaje-shard-00-01.svz66jf.mongodb.net:27017', tagSet=TagSet{[Tag{name='availabilityZone', value='apne2-az1'}, Tag{name='diskState', value='READY'}, Tag{name='nodeType', value='ELECTABLE'}, Tag{name='provider', value='AWS'}, Tag{name='region', value='AP_NORTHEAST_2'}, Tag{name='workloadType', value='OPERATIONAL'}]}, electionId=null, setVersion=1, topologyVersion=TopologyVersion{processId=681cbbe21a2960b9ffff3bd9, counter=4}, lastWriteDate=Fri May 16 17:25:28 KST 2025, lastUpdateTimeNanos=567197730162791}
2025-05-16T17:25:29.923+09:00  INFO 26895 --- [UI-service] [ngodb.net:27017] org.mongodb.driver.cluster               : Discovered replica set primary ac-ij0xaje-shard-00-01.svz66jf.mongodb.net:27017 with max election id 7fffffff000000000000001f and max set version 1
2025-05-16T17:25:29.930+09:00  INFO 26895 --- [UI-service] [ngodb.net:27017] org.mongodb.driver.cluster               : Monitor thread successfully connected to server with description ServerDescription{address=ac-ij0xaje-shard-00-02.svz66jf.mongodb.net:27017, type=REPLICA_SET_SECONDARY, cryptd=false, state=CONNECTED, ok=true, minWireVersion=0, maxWireVersion=25, maxDocumentSize=16777216, logicalSessionTimeoutMinutes=30, roundTripTimeNanos=97237500, minRoundTripTimeNanos=0, setName='atlas-9omk4u-shard-0', canonicalAddress=ac-ij0xaje-shard-00-02.svz66jf.mongodb.net:27017, hosts=[ac-ij0xaje-shard-00-00.svz66jf.mongodb.net:27017, ac-ij0xaje-shard-00-01.svz66jf.mongodb.net:27017, ac-ij0xaje-shard-00-02.svz66jf.mongodb.net:27017], passives=[], arbiters=[], primary='ac-ij0xaje-shard-00-01.svz66jf.mongodb.net:27017', tagSet=TagSet{[Tag{name='availabilityZone', value='apne2-az2'}, Tag{name='diskState', value='READY'}, Tag{name='nodeType', value='ELECTABLE'}, Tag{name='provider', value='AWS'}, Tag{name='region', value='AP_NORTHEAST_2'}, Tag{name='workloadType', value='OPERATIONAL'}]}, electionId=null, setVersion=1, topologyVersion=TopologyVersion{processId=681cbc34a0c60634d499359d, counter=3}, lastWriteDate=Fri May 16 17:25:28 KST 2025, lastUpdateTimeNanos=567197740283083}
2025-05-16T17:25:30.444+09:00  INFO 26895 --- [UI-service] [           main] DiscoveryClientOptionalArgsConfiguration : Eureka HTTP Client uses RestTemplate.
2025-05-16T17:25:30.460+09:00  WARN 26895 --- [UI-service] [           main] iguration$LoadBalancerCaffeineWarnLogger : Spring Cloud LoadBalancer is currently working with the default cache. While this cache implementation is useful for development and tests, it's recommended to use Caffeine cache in production.You can switch to using Caffeine cache, by adding it and org.springframework.cache.caffeine.CaffeineCacheManager to the classpath.
2025-05-16T17:25:30.480+09:00  INFO 26895 --- [UI-service] [           main] o.s.c.n.eureka.InstanceInfoFactory       : Setting initial instance status as: STARTING
2025-05-16T17:25:30.491+09:00  INFO 26895 --- [UI-service] [           main] com.netflix.discovery.DiscoveryClient    : Initializing Eureka in region us-east-1
2025-05-16T17:25:30.493+09:00  INFO 26895 --- [UI-service] [           main] c.n.d.s.r.aws.ConfigClusterResolver      : Resolving eureka endpoints via configuration
2025-05-16T17:25:30.496+09:00  INFO 26895 --- [UI-service] [           main] com.netflix.discovery.DiscoveryClient    : Disable delta property : false
2025-05-16T17:25:30.496+09:00  INFO 26895 --- [UI-service] [           main] com.netflix.discovery.DiscoveryClient    : Single vip registry refresh property : null
2025-05-16T17:25:30.496+09:00  INFO 26895 --- [UI-service] [           main] com.netflix.discovery.DiscoveryClient    : Force full registry fetch : false
2025-05-16T17:25:30.496+09:00  INFO 26895 --- [UI-service] [           main] com.netflix.discovery.DiscoveryClient    : Application is null : false
2025-05-16T17:25:30.496+09:00  INFO 26895 --- [UI-service] [           main] com.netflix.discovery.DiscoveryClient    : Registered Applications size is zero : true
2025-05-16T17:25:30.497+09:00  INFO 26895 --- [UI-service] [           main] com.netflix.discovery.DiscoveryClient    : Application version is -1: true
2025-05-16T17:25:30.497+09:00  INFO 26895 --- [UI-service] [           main] com.netflix.discovery.DiscoveryClient    : Getting all instance registry info from the eureka server
2025-05-16T17:25:30.730+09:00  INFO 26895 --- [UI-service] [           main] com.netflix.discovery.DiscoveryClient    : The response status is 200
2025-05-16T17:25:30.730+09:00  INFO 26895 --- [UI-service] [           main] com.netflix.discovery.DiscoveryClient    : Starting heartbeat executor: renew interval is: 30
2025-05-16T17:25:30.731+09:00  INFO 26895 --- [UI-service] [           main] c.n.discovery.InstanceInfoReplicator     : InstanceInfoReplicator onDemand update allowed rate per min is 4
2025-05-16T17:25:30.731+09:00  INFO 26895 --- [UI-service] [           main] com.netflix.discovery.DiscoveryClient    : Discovery Client initialized at timestamp 1747383930731 with initial instances count: 9
2025-05-16T17:25:30.733+09:00  INFO 26895 --- [UI-service] [           main] o.s.c.n.e.s.EurekaServiceRegistry        : Registering application UI-SERVICE with eureka with status UP
2025-05-16T17:25:30.733+09:00  INFO 26895 --- [UI-service] [           main] com.netflix.discovery.DiscoveryClient    : Saw local status change event StatusChangeEvent [timestamp=1747383930733, current=UP, previous=STARTING]
2025-05-16T17:25:30.733+09:00  INFO 26895 --- [UI-service] [foReplicator-%d] com.netflix.discovery.DiscoveryClient    : DiscoveryClient_UI-SERVICE/172.16.24.93:UI-service:9002: registering service...
2025-05-16T17:25:30.741+09:00  INFO 26895 --- [UI-service] [           main] o.s.b.w.embedded.tomcat.TomcatWebServer  : Tomcat started on port 9002 (http) with context path '/'
2025-05-16T17:25:30.741+09:00  INFO 26895 --- [UI-service] [           main] .s.c.n.e.s.EurekaAutoServiceRegistration : Updating port to 9002
2025-05-16T17:25:30.754+09:00  INFO 26895 --- [UI-service] [           main] c.g.uiservice.UiServiceApplication       : Started UiServiceApplication in 2.287 seconds (process running for 2.587)
2025-05-16T17:25:30.818+09:00  INFO 26895 --- [UI-service] [foReplicator-%d] com.netflix.discovery.DiscoveryClient    : DiscoveryClient_UI-SERVICE/172.16.24.93:UI-service:9002 - registration status: 204
2025-05-16T17:30:30.502+09:00  INFO 26895 --- [UI-service] [rap-executor-%d] c.n.d.s.r.aws.ConfigClusterResolver      : Resolving eureka endpoints via configuration
