
  .   ____          _            __ _ _
 /\\ / ___'_ __ _ _(_)_ __  __ _ \ \ \ \
( ( )\___ | '_ | '_| | '_ \/ _` | \ \ \ \
 \\/  ___)| |_)| | | | | || (_| |  ) ) ) )
  '  |____| .__|_| |_|_| |_\__, | / / / /
 =========|_|==============|___/=/_/_/_/

 :: Spring Boot ::                (v3.4.5)

2025-05-16T17:25:08.476+09:00  INFO 26843 --- [ad-service] [           main] c.g.adservice.AdServiceApplication       : Starting AdServiceApplication v0.0.1-SNAPSHOT using Java 17.0.15 with PID 26843 (/Users/master/Documents/project/GoormPlay/ad-service/build/libs/ad-service-0.0.1-SNAPSHOT.jar started by master in /Users/master/Documents/project/GoormPlay)
2025-05-16T17:25:08.478+09:00  INFO 26843 --- [ad-service] [           main] c.g.adservice.AdServiceApplication       : No active profile set, falling back to 1 default profile: "default"
2025-05-16T17:25:08.835+09:00  INFO 26843 --- [ad-service] [           main] .s.d.r.c.RepositoryConfigurationDelegate : Multiple Spring Data modules found, entering strict repository configuration mode
2025-05-16T17:25:08.835+09:00  INFO 26843 --- [ad-service] [           main] .s.d.r.c.RepositoryConfigurationDelegate : Bootstrapping Spring Data MongoDB repositories in DEFAULT mode.
2025-05-16T17:25:08.904+09:00  INFO 26843 --- [ad-service] [           main] .s.d.r.c.RepositoryConfigurationDelegate : Finished Spring Data repository scanning in 66 ms. Found 1 MongoDB repository interface.
2025-05-16T17:25:08.982+09:00  INFO 26843 --- [ad-service] [           main] .s.d.r.c.RepositoryConfigurationDelegate : Multiple Spring Data modules found, entering strict repository configuration mode
2025-05-16T17:25:08.983+09:00  INFO 26843 --- [ad-service] [           main] .s.d.r.c.RepositoryConfigurationDelegate : Bootstrapping Spring Data Redis repositories in DEFAULT mode.
2025-05-16T17:25:08.992+09:00  INFO 26843 --- [ad-service] [           main] .RepositoryConfigurationExtensionSupport : Spring Data Redis - Could not safely identify store assignment for repository candidate interface com.goormplay.adservice.ad.repository.AdRepository; If you want this repository to be a Redis repository, consider annotating your entities with one of these annotations: org.springframework.data.redis.core.RedisHash (preferred), or consider extending one of the following types with your repository: org.springframework.data.keyvalue.repository.KeyValueRepository
2025-05-16T17:25:08.992+09:00  INFO 26843 --- [ad-service] [           main] .s.d.r.c.RepositoryConfigurationDelegate : Finished Spring Data repository scanning in 5 ms. Found 0 Redis repository interfaces.
2025-05-16T17:25:09.116+09:00  INFO 26843 --- [ad-service] [           main] o.s.cloud.context.scope.GenericScope     : BeanFactory id=08efe258-7f81-3311-a5ea-829737a2e526
2025-05-16T17:25:09.284+09:00  INFO 26843 --- [ad-service] [           main] o.s.b.w.embedded.tomcat.TomcatWebServer  : Tomcat initialized with port 9003 (http)
2025-05-16T17:25:09.291+09:00  INFO 26843 --- [ad-service] [           main] o.apache.catalina.core.StandardService   : Starting service [Tomcat]
2025-05-16T17:25:09.291+09:00  INFO 26843 --- [ad-service] [           main] o.apache.catalina.core.StandardEngine    : Starting Servlet engine: [Apache Tomcat/10.1.40]
2025-05-16T17:25:09.307+09:00  INFO 26843 --- [ad-service] [           main] o.a.c.c.C.[Tomcat].[localhost].[/]       : Initializing Spring embedded WebApplicationContext
2025-05-16T17:25:09.307+09:00  INFO 26843 --- [ad-service] [           main] w.s.c.ServletWebServerApplicationContext : Root WebApplicationContext: initialization completed in 800 ms
2025-05-16T17:25:09.809+09:00  INFO 26843 --- [ad-service] [           main] org.mongodb.driver.client                : MongoClient with metadata {"application": {"name": "goorm-mongoDB"}, "driver": {"name": "mongo-java-driver|sync", "version": "5.2.1"}, "os": {"type": "Darwin", "name": "Mac OS X", "architecture": "aarch64", "version": "14.6.1"}, "platform": "Java/Homebrew/17.0.15+0"} created with settings MongoClientSettings{readPreference=primary, writeConcern=WriteConcern{w=majority, wTimeout=null ms, journal=null}, retryWrites=true, retryReads=true, readConcern=ReadConcern{level=null}, credential=MongoCredential{mechanism=null, userName='user', source='admin', password=<hidden>, mechanismProperties=<hidden>}, transportSettings=null, commandListeners=[], codecRegistry=ProvidersCodecRegistry{codecProviders=[ValueCodecProvider{}, BsonValueCodecProvider{}, DBRefCodecProvider{}, DBObjectCodecProvider{}, DocumentCodecProvider{}, CollectionCodecProvider{}, IterableCodecProvider{}, MapCodecProvider{}, GeoJsonCodecProvider{}, GridFSFileCodecProvider{}, Jsr310CodecProvider{}, JsonObjectCodecProvider{}, BsonCodecProvider{}, EnumCodecProvider{}, com.mongodb.client.model.mql.ExpressionCodecProvider@7f4e5a39, com.mongodb.Jep395RecordCodecProvider@33de7f3d, com.mongodb.KotlinCodecProvider@30159886]}, loggerSettings=LoggerSettings{maxDocumentLength=1000}, clusterSettings={hosts=[127.0.0.1:27017], srvHost=goorm-mongodb.svz66jf.mongodb.net, srvServiceName=mongodb, mode=MULTIPLE, requiredClusterType=REPLICA_SET, requiredReplicaSetName='atlas-9omk4u-shard-0', serverSelector='null', clusterListeners='[]', serverSelectionTimeout='30000 ms', localThreshold='15 ms'}, socketSettings=SocketSettings{connectTimeoutMS=10000, readTimeoutMS=0, receiveBufferSize=0, proxySettings=ProxySettings{host=null, port=null, username=null, password=null}}, heartbeatSocketSettings=SocketSettings{connectTimeoutMS=10000, readTimeoutMS=10000, receiveBufferSize=0, proxySettings=ProxySettings{host=null, port=null, username=null, password=null}}, connectionPoolSettings=ConnectionPoolSettings{maxSize=100, minSize=0, maxWaitTimeMS=120000, maxConnectionLifeTimeMS=0, maxConnectionIdleTimeMS=0, maintenanceInitialDelayMS=0, maintenanceFrequencyMS=60000, connectionPoolListeners=[], maxConnecting=2}, serverSettings=ServerSettings{heartbeatFrequencyMS=10000, minHeartbeatFrequencyMS=500, serverMonitoringMode=AUTO, serverListeners='[]', serverMonitorListeners='[]'}, sslSettings=SslSettings{enabled=true, invalidHostNameAllowed=false, context=null}, applicationName='goorm-mongoDB', compressorList=[], uuidRepresentation=UNSPECIFIED, serverApi=ServerApi{version=V1, deprecationErrors=null, strict=null}, autoEncryptionSettings=null, dnsClient=null, inetAddressResolver=null, contextProvider=null, timeoutMS=null}
2025-05-16T17:25:10.001+09:00  WARN 26843 --- [ad-service] [           main] .s.s.UserDetailsServiceAutoConfiguration : 

Using generated security password: 49f0cfc8-3b5b-45f8-8192-e08b1beed6aa

This generated password is for development use only. Your security configuration must be updated before running your application in production.

2025-05-16T17:25:10.010+09:00  INFO 26843 --- [ad-service] [           main] r$InitializeUserDetailsManagerConfigurer : Global AuthenticationManager configured with UserDetailsService bean with name inMemoryUserDetailsManager
2025-05-16T17:25:10.326+09:00  INFO 26843 --- [ad-service] [6jf.mongodb.net] org.mongodb.driver.cluster               : Adding discovered server ac-ij0xaje-shard-00-02.svz66jf.mongodb.net:27017 to client view of cluster
2025-05-16T17:25:10.340+09:00  INFO 26843 --- [ad-service] [6jf.mongodb.net] org.mongodb.driver.cluster               : Adding discovered server ac-ij0xaje-shard-00-00.svz66jf.mongodb.net:27017 to client view of cluster
2025-05-16T17:25:10.341+09:00  INFO 26843 --- [ad-service] [6jf.mongodb.net] org.mongodb.driver.cluster               : Adding discovered server ac-ij0xaje-shard-00-01.svz66jf.mongodb.net:27017 to client view of cluster
2025-05-16T17:25:10.495+09:00  INFO 26843 --- [ad-service] [           main] DiscoveryClientOptionalArgsConfiguration : Eureka HTTP Client uses RestTemplate.
2025-05-16T17:25:10.518+09:00  WARN 26843 --- [ad-service] [           main] iguration$LoadBalancerCaffeineWarnLogger : Spring Cloud LoadBalancer is currently working with the default cache. While this cache implementation is useful for development and tests, it's recommended to use Caffeine cache in production.You can switch to using Caffeine cache, by adding it and org.springframework.cache.caffeine.CaffeineCacheManager to the classpath.
2025-05-16T17:25:10.538+09:00  INFO 26843 --- [ad-service] [ngodb.net:27017] org.mongodb.driver.cluster               : Monitor thread successfully connected to server with description ServerDescription{address=ac-ij0xaje-shard-00-01.svz66jf.mongodb.net:27017, type=REPLICA_SET_PRIMARY, cryptd=false, state=CONNECTED, ok=true, minWireVersion=0, maxWireVersion=25, maxDocumentSize=16777216, logicalSessionTimeoutMinutes=30, roundTripTimeNanos=132925250, minRoundTripTimeNanos=0, setName='atlas-9omk4u-shard-0', canonicalAddress=ac-ij0xaje-shard-00-01.svz66jf.mongodb.net:27017, hosts=[ac-ij0xaje-shard-00-00.svz66jf.mongodb.net:27017, ac-ij0xaje-shard-00-01.svz66jf.mongodb.net:27017, ac-ij0xaje-shard-00-02.svz66jf.mongodb.net:27017], passives=[], arbiters=[], primary='ac-ij0xaje-shard-00-01.svz66jf.mongodb.net:27017', tagSet=TagSet{[Tag{name='availabilityZone', value='apne2-az3'}, Tag{name='diskState', value='READY'}, Tag{name='nodeType', value='ELECTABLE'}, Tag{name='provider', value='AWS'}, Tag{name='region', value='AP_NORTHEAST_2'}, Tag{name='workloadType', value='OPERATIONAL'}]}, electionId=7fffffff000000000000001f, setVersion=1, topologyVersion=TopologyVersion{processId=681cbc0a149dc59e778994c9, counter=6}, lastWriteDate=Fri May 16 17:25:10 KST 2025, lastUpdateTimeNanos=567178346871041}
2025-05-16T17:25:10.538+09:00  INFO 26843 --- [ad-service] [ngodb.net:27017] org.mongodb.driver.cluster               : Monitor thread successfully connected to server with description ServerDescription{address=ac-ij0xaje-shard-00-00.svz66jf.mongodb.net:27017, type=REPLICA_SET_SECONDARY, cryptd=false, state=CONNECTED, ok=true, minWireVersion=0, maxWireVersion=25, maxDocumentSize=16777216, logicalSessionTimeoutMinutes=30, roundTripTimeNanos=132924292, minRoundTripTimeNanos=0, setName='atlas-9omk4u-shard-0', canonicalAddress=ac-ij0xaje-shard-00-00.svz66jf.mongodb.net:27017, hosts=[ac-ij0xaje-shard-00-00.svz66jf.mongodb.net:27017, ac-ij0xaje-shard-00-01.svz66jf.mongodb.net:27017, ac-ij0xaje-shard-00-02.svz66jf.mongodb.net:27017], passives=[], arbiters=[], primary='ac-ij0xaje-shard-00-01.svz66jf.mongodb.net:27017', tagSet=TagSet{[Tag{name='availabilityZone', value='apne2-az1'}, Tag{name='diskState', value='READY'}, Tag{name='nodeType', value='ELECTABLE'}, Tag{name='provider', value='AWS'}, Tag{name='region', value='AP_NORTHEAST_2'}, Tag{name='workloadType', value='OPERATIONAL'}]}, electionId=null, setVersion=1, topologyVersion=TopologyVersion{processId=681cbbe21a2960b9ffff3bd9, counter=4}, lastWriteDate=Fri May 16 17:25:10 KST 2025, lastUpdateTimeNanos=567178346871041}
2025-05-16T17:25:10.539+09:00  INFO 26843 --- [ad-service] [           main] o.s.c.n.eureka.InstanceInfoFactory       : Setting initial instance status as: STARTING
2025-05-16T17:25:10.540+09:00  INFO 26843 --- [ad-service] [ngodb.net:27017] org.mongodb.driver.cluster               : Discovered replica set primary ac-ij0xaje-shard-00-01.svz66jf.mongodb.net:27017 with max election id 7fffffff000000000000001f and max set version 1
2025-05-16T17:25:10.544+09:00  INFO 26843 --- [ad-service] [ngodb.net:27017] org.mongodb.driver.cluster               : Monitor thread successfully connected to server with description ServerDescription{address=ac-ij0xaje-shard-00-02.svz66jf.mongodb.net:27017, type=REPLICA_SET_SECONDARY, cryptd=false, state=CONNECTED, ok=true, minWireVersion=0, maxWireVersion=25, maxDocumentSize=16777216, logicalSessionTimeoutMinutes=30, roundTripTimeNanos=102988166, minRoundTripTimeNanos=0, setName='atlas-9omk4u-shard-0', canonicalAddress=ac-ij0xaje-shard-00-02.svz66jf.mongodb.net:27017, hosts=[ac-ij0xaje-shard-00-00.svz66jf.mongodb.net:27017, ac-ij0xaje-shard-00-01.svz66jf.mongodb.net:27017, ac-ij0xaje-shard-00-02.svz66jf.mongodb.net:27017], passives=[], arbiters=[], primary='ac-ij0xaje-shard-00-01.svz66jf.mongodb.net:27017', tagSet=TagSet{[Tag{name='availabilityZone', value='apne2-az2'}, Tag{name='diskState', value='READY'}, Tag{name='nodeType', value='ELECTABLE'}, Tag{name='provider', value='AWS'}, Tag{name='region', value='AP_NORTHEAST_2'}, Tag{name='workloadType', value='OPERATIONAL'}]}, electionId=null, setVersion=1, topologyVersion=TopologyVersion{processId=681cbc34a0c60634d499359d, counter=3}, lastWriteDate=Fri May 16 17:25:10 KST 2025, lastUpdateTimeNanos=567178354957000}
2025-05-16T17:25:10.555+09:00  INFO 26843 --- [ad-service] [           main] com.netflix.discovery.DiscoveryClient    : Initializing Eureka in region us-east-1
2025-05-16T17:25:10.558+09:00  INFO 26843 --- [ad-service] [           main] c.n.d.s.r.aws.ConfigClusterResolver      : Resolving eureka endpoints via configuration
2025-05-16T17:25:10.562+09:00  INFO 26843 --- [ad-service] [           main] com.netflix.discovery.DiscoveryClient    : Disable delta property : false
2025-05-16T17:25:10.562+09:00  INFO 26843 --- [ad-service] [           main] com.netflix.discovery.DiscoveryClient    : Single vip registry refresh property : null
2025-05-16T17:25:10.562+09:00  INFO 26843 --- [ad-service] [           main] com.netflix.discovery.DiscoveryClient    : Force full registry fetch : false
2025-05-16T17:25:10.562+09:00  INFO 26843 --- [ad-service] [           main] com.netflix.discovery.DiscoveryClient    : Application is null : false
2025-05-16T17:25:10.562+09:00  INFO 26843 --- [ad-service] [           main] com.netflix.discovery.DiscoveryClient    : Registered Applications size is zero : true
2025-05-16T17:25:10.562+09:00  INFO 26843 --- [ad-service] [           main] com.netflix.discovery.DiscoveryClient    : Application version is -1: true
2025-05-16T17:25:10.562+09:00  INFO 26843 --- [ad-service] [           main] com.netflix.discovery.DiscoveryClient    : Getting all instance registry info from the eureka server
2025-05-16T17:25:10.820+09:00  INFO 26843 --- [ad-service] [           main] com.netflix.discovery.DiscoveryClient    : The response status is 200
2025-05-16T17:25:10.821+09:00  INFO 26843 --- [ad-service] [           main] com.netflix.discovery.DiscoveryClient    : Starting heartbeat executor: renew interval is: 30
2025-05-16T17:25:10.821+09:00  INFO 26843 --- [ad-service] [           main] c.n.discovery.InstanceInfoReplicator     : InstanceInfoReplicator onDemand update allowed rate per min is 4
2025-05-16T17:25:10.822+09:00  INFO 26843 --- [ad-service] [           main] com.netflix.discovery.DiscoveryClient    : Discovery Client initialized at timestamp 1747383910821 with initial instances count: 3
2025-05-16T17:25:10.823+09:00  INFO 26843 --- [ad-service] [           main] o.s.c.n.e.s.EurekaServiceRegistry        : Registering application AD-SERVICE with eureka with status UP
2025-05-16T17:25:10.823+09:00  INFO 26843 --- [ad-service] [           main] com.netflix.discovery.DiscoveryClient    : Saw local status change event StatusChangeEvent [timestamp=1747383910823, current=UP, previous=STARTING]
2025-05-16T17:25:10.824+09:00  INFO 26843 --- [ad-service] [foReplicator-%d] com.netflix.discovery.DiscoveryClient    : DiscoveryClient_AD-SERVICE/172.16.24.93:ad-service:9003: registering service...
2025-05-16T17:25:10.828+09:00  INFO 26843 --- [ad-service] [           main] o.s.b.w.embedded.tomcat.TomcatWebServer  : Tomcat started on port 9003 (http) with context path '/'
2025-05-16T17:25:10.829+09:00  INFO 26843 --- [ad-service] [           main] .s.c.n.e.s.EurekaAutoServiceRegistration : Updating port to 9003
2025-05-16T17:25:10.842+09:00  INFO 26843 --- [ad-service] [           main] c.g.adservice.AdServiceApplication       : Started AdServiceApplication in 2.624 seconds (process running for 2.883)
2025-05-16T17:25:10.908+09:00  INFO 26843 --- [ad-service] [foReplicator-%d] com.netflix.discovery.DiscoveryClient    : DiscoveryClient_AD-SERVICE/172.16.24.93:ad-service:9003 - registration status: 204
2025-05-16T17:30:10.565+09:00  INFO 26843 --- [ad-service] [rap-executor-%d] c.n.d.s.r.aws.ConfigClusterResolver      : Resolving eureka endpoints via configuration
